Case #1: 1264.98659106 1713.27412287 0.29394405
Case #2: 0.00006667 157048219.89452416
Case #3: 35870765.11535950 366681791.19950193 56659346.57182740 581317824.32744288 270055095.28717142 865754004.07458842 334200548.36382246 207474478.07940573
Case #4: 121288410.87763938 146613298.18740124 14263022.82248911 265248564.07660532
Case #5: 81200901.17063847 292601361.93592989
Case #6: 200335203.98860472 237955945.14900041 250528174.12485307 231795143.20082858 110373805.93081859 1138583.13906093 17785029.57586171 288986780.14652574 327622211.41117227
Case #7: 111118420.62453564 72264207.79505512 90565728.01345807 12126674.13048530 16158782.54073648 201860106.81802186 210022205.86161256 346000.21215183 56000142.96043624
Case #8: 39438115.46049175 46288761.69166876 77490909.24805063
Case #9: 104517082.51324829 186372440.03323549 252500207.56166530 411339015.87711662 169590925.05509764 213953248.91659606 4576632.39621963 200952594.34715688
Case #10: 570325664.08146763 44950051.01811249 8463493.33929456
Case #11: 51767360.29810849 481791522.97860116 91776009.15714970
Case #12: 587047489.05786395 587388413.46883857 390171638.01758665 152209084.29018170 336263877.53387541 458976737.67925578 64440496.50242787 31360358.94195148 199453215.10036740
Case #13: 276102663.31547266 217086313.85467952 203539437.33223346 137904070.43532383 115177021.28543337 2111625.62087648
Case #14: 37330874.65695520 254750550.54156375 79612659.62741303 108227075.14910805 265139328.35013062 70355802.14821273 110840245.96775013
Case #15: 101276155.70915869 1674.44218660 41735701.20398267 285373469.33285427 219720399.02493924 357965468.19847918 334794134.27811706 57212570.83767578
Case #16: 2715.63416887 378476622.84543204
Case #17: 160515973.26263601 98571784.18855165 90759732.08062223 40972147.11755218
Case #18: 86153624.35454261 137728333.57870570 75259432.23296252 106613327.04405951 61280583.64355692
Case #19: 309.34237447 29440272.63654144 69446700.66292283 58027034.78019237 4242073.69251985
Case #20: 35168235.64517301 1918489.65969262 129815326.19546507 155866935.19115824
Case #21: 19729638.62135836 8655774.35296163
Case #22: 788682799.47674763 517759133.51363552
Case #23: 313811212.40329707 235782911.28541222 102902292.85516103 6318612.24256587 119192961.95252068 268812584.55140018
Case #24: 47220041.99342359 80375572.35562861 169845334.02071136
Case #25: 25702002.74790738 184815704.49005619
Case #26: 330188252.30565798 67538066.01504850 115136445.44712251 21967026.00258026 16270753.71202940 19868792.83715221 10500827.66458047
Case #27: 45629597.95551341 171311246.29898068 17881499.86401284 291400165.95026165 68128236.51034227
Case #28: 59522574.13242936 107405062.48815456 42279122.37431648 77949518.68911226
Case #29: 551412559.42882967 396712889.22933859 709705993.51699924 718420143.10012245 65892100.34853183 150324677.65483463 109473770.66717395 306105536.55849522 571022265.14171445 485930050.48469317
Case #30: 101949799.40699279 150378305.38898689
Case #31: 81841540.86646152 3538456.19332433
Case #32: 227050649.19766459 522648591.75928563 81667700.43282019 115945189.62861326 133217359.68877921 256352.97781498
Case #33: 80033841.07722300 112447382.07319114 65607284.25473066 274827672.85962981 465315393.46091443 19383067.34530754 382874089.26539272
Case #34: 669893.64625345 231186430.27875322
Case #35: 138526371.79877719 102259483.96374464 111955362.28896199 96135002.87542313 266728619.30217850 450957078.44387907 50583161.89755706 293377019.70180345 322413864.93087101
Case #36: 31883498.03205859 124059128.43156002
Case #37: 535902690.65407729 80173314.99624421
Case #38: 461698715.98234832 312064683.78940183
Case #39: 377771704.85784930 442754818.29624009 1870331.30325341
Case #40: 507071466.52743316 207946176.07201457 171056599.22364599 2639806.01287038 54166457.22846642 307039048.32371736
Case #41: 134275651.74951887 85472250.40114081 127953000.56019422 40261830.12975129 117902771.36100960 11911153.56085712
Case #42: 334546172.79475838 70685466.96651182 22007238.28588986 1002602049.03690529 135095335.48620909 211771131.14678988 275804576.44822526 44424396.78334117
Case #43: 9116.68886260 6621363.48384494 50087569.23336192 293283210.36085588 143611258.33936799 88578050.11123915 177311599.82157522 13050301.60602455
Case #44: 357441.34528536 99997212.35522436
Case #45: 1735218.15255188 16736620.34458322
Case #46: 222991483.03933021 72160615.43050081
Case #47: 17090809.17296663 2182319.08438976 72562632.71965872 87090690.59018674
Case #48: 77943782.12832403 55262699.37858986 2199885.90100080 513223039.78047961 7260365.63839127 38024512.80847226 237147310.36506930
Case #49: 566959555.61488879 553870752.71121275 217909401.97327203 310462414.45963907 444782012.99727988 509989814.81905359 15810221.03915856 322428629.01308256 12536936.54713397
Case #50: 254869012.36024630 43818920.24114697 1937479.89303690 136539346.62179902
Case #51: 690145829.09262383 228341767.88493487 286262582.30379695 31141085.50222870 221465865.27799302
Case #52: 381334447.10499483 18100575.90924776 105812403.69301093 17852865.02854057 225177854.94246578 60003422.97224002 96713432.39929521
Case #53: 75935854.18254222 153688032.44992858 273115008.66843212 313817302.14388216 212078075.86240345 76623125.59288740 88817675.68050343 142975044.49196762 29094745.32215855
Case #54: 181838498.43986958 89489664.14292492 215983746.19596165 67906769.89189667
Case #55: 232259035.61633441 91055362.89346999
Case #56: 22840894.09963107 108987448.85839391 128457277.93068352 448398213.64039552 243745627.50505146
Case #57: 89024194.79316741 142200726.17792055 65583621.89260017
Case #58: 102528133.74467759 47811964.75704315 147669607.84811762 103680367.79380947 53800544.27185424 32182495.00901437 29784044.78942751 225357858.35302562
Case #59: 118151424.65345639 204279784.30034769
Case #60: 206116092.88607138 2146766.60893158
Case #61: 78122114.48991774 98279407.19521084
Case #62: 384518233.00662529 187599176.78772861
Case #63: 25126377.93361527 9190293.61411078 71020794.84880082
Case #64: 50228943.46680120 218896114.11192149 274814250.12603265 12046697.84029064 122372406.19450539 254446867.41158909 109990422.91704121 8726256.45463063
Case #65: 33786617.97581428 182743327.64666384 189226546.62643561 328118.62801824 56642183.98470879 125622892.95248374
Case #66: 2065324.02260647 215698585.33411819 66049786.75479424 260153209.81137598 123550773.02584615
Case #67: 210759902.13374025 487822462.71961695 320869453.09931642 81121284.75962749 535748399.86413747 11568407.61502992 191621736.71820912
Case #68: 312932141.88322616 171446767.80325702 10572677.25807349 120709549.87120384 2151354.80545185 120657247.80963470 515760673.19936645 123551812.27514216
Case #69: 320284521.79532379 105978357.29385006 674541.42096165 615156014.72570276 111868111.35014401 113322107.00178517 98984326.71791168 9163385.96185024 18277746.84602188
Case #70: 196527.60957825 149678125.81475052 23833129.61782473 13287166.47522615 185975.89215992 2900903.10216168 9787117.07635161 26323894.36389380 41099951.13548330 93199240.09192856
Case #71: 101191013.30758511 104788226.27958551 41155655.54589170 13128950.50254503 156523131.89359212
Case #72: 468691.20575195 124969607.92322473
Case #73: 5283178.50133976 41436403.53040521 95939.79060990 2981763.46130369 119719473.21203887
Case #74: 41736451.92460248 258565180.47362685 528311978.18312347 643408452.94198263 142459275.08074990 136011875.69461760
Case #75: 11068120.73478907 133207439.58485198 118552296.85815032 33588403.24436106 433720637.94337845 560689819.72108018 451099131.87019396 417416106.81721735 95177721.91199951
Case #76: 2235796.56303703 136545683.10892048 95598136.07040304 123400398.04705139
Case #77: 280857541.38107872 25189195.99440292
Case #78: 10258011.63424964 333854961.81348121 204097413.40033799
Case #79: 31715073.50562147 267500184.45907968 64483582.09238442 3886658.66865523 93217.40026989 141337528.28088719 24950693.97795489
Case #80: 8573156.97416462 363706110.38265300
Case #81: 405692076.26816720 162424548.03604046
Case #82: 227356328.79200992 48969179.18870550 198796524.19533056 483923037.36123008
Case #83: 1591075.29450329 26753464.60241228 36223335.33969370 195521972.41967177 38118744.51466057 7899816.29317967
Case #84: 41540310.74826346 154633897.99836057 142622607.91351721
Case #85: 214607133.16577977 477831090.25564492 82350838.84010021 470873805.92100638 53225473.20017399 28131919.50866041 1079232229.71123552
Case #86: 300360452.06006157 36029268.35899729 12609981.44569969 717403935.19038582 626662259.50607026
Case #87: 315363895.51531869 87299341.24792872
Case #88: 47343636.57229263 457983432.90206897 539821852.01801658 725426727.43277574 275153498.85272437 860293697.87447500 40252732.13239825
Case #89: 1.80892482 194525707.76248032 320403372.22352570 19859429.44610869 114267876.39482686 268397877.84870899 74147346.10875401 16830597.23500592
Case #90: 161001199.15753531 414475597.29955029 193423762.12867713 108477571.68900464
Case #91: 183971018.04091090 105354917.51849250 174946446.94976407 254451926.31473985 113906213.22191697 534104.72271859 20760226.26099529
Case #92: 180470.14059287 98585398.38174953 338754549.14190596 137838036.55167127 417620168.43252325
Case #93: 168248911.35059160 261371559.64523780
Case #94: 136044.24619243 71378282.55149657
Case #95: 3155009.35521138 39259717.00920697 7703821.40645073 27097275.76283927 101751815.78643876 57652899.29553332 31130431.93697029 342998623.25190109 31412067.36423724
Case #96: 10629242.77161465 108599701.57228856 196081879.91852745 16463384.88579597 229476169.11139297 76778266.18760443
Case #97: 261883333.96824566 9857841.21221781
Case #98: 260145639.55163097 337242594.35399330
Case #99: 24204484.58745974 136042023.58682680 25238415.58530861 88616816.07906054 44626608.56726828 63105790.86636969 78579148.66618435 152840424.15084225
Case #100: 225435295.24588877 2449806.61773845
