Case #1: 33.33333321 66.66666679
Case #2: 0.00000037 99.99999963
Case #3: 25.00000037 25.00000037 25.00000037 25.00000037
Case #4: 34.66666676 26.66666694 38.66666667
Case #5: 14.28571455 14.28571455 14.28571455 14.28571455 0.00000037 14.28571455 14.28571455 14.28571455
Case #6: 50.00000037 50.00000037
Case #7: 11.43317260 10.39797552 10.81205420 11.64021157 11.43317260 9.98389684 10.39797552 0.00000037 12.05429025 11.84725128
Case #8: 9.99999978 9.99999978 9.99999978 9.99999978 9.99999978 9.99999978 9.99999978 9.99999978 9.99999978 9.99999978
Case #9: 2.27272697 13.86363618 14.31818195 13.86363618 13.86363618 14.31818195 13.86363618 13.63636367
Case #10: 10.04510038 13.18163164 13.18163164 12.25912236 12.81262822 8.56908597 7.64657669 10.22960208 12.07462065
Case #11: 47.27272727 52.72727273
Case #12: 0.00000037 25.00000037 25.00000037 25.00000037 25.00000037 0.00000037 0.00000037
Case #13: 66.66666679 33.33333321
Case #14: 9.90990959 9.72972997 10.63063033 9.54954959 11.71171181 9.36936922 9.18918885 12.07207181 9.72972997 8.10810812
Case #15: 11.11111082 11.11111082 11.11111082 11.11111082 11.11111082 11.11111082 11.11111082 11.11111082 11.11111082 0.00000037
Case #16: 0.00000037 19.48998161 17.85063781 5.39162122 10.96539162 9.98178534 8.34244080 19.48998161 7.68670328 0.80145709
Case #17: 86.20689623 13.79310377
Case #18: 16.66666679 16.66666679 16.66666679 16.66666679 16.66666679 16.66666679
Case #19: 0.00000037 99.99999963
Case #20: 19.93355490 0.00000037 0.00000037 0.00000037 19.93355490 0.00000037 20.26578076 19.93355490 19.93355490
