Case #1:
641102090099 944102929433 317963821285 565627740876 427137517822 218393270859
998036958289 479444946574 795259635545 168655107263 146669094741 526261627962
Case #2:
599533197058 840385168337 753026949807 125539073711 318421434089 614279956842
599533197058 751263253122 614279956842 560787721995 448561684376 276759966451
Case #3:
526460899390 906241390179 71153369082 671885402231 488326077024 697677998886
577846729845 124756924588 303916288832 732676535287 765382768842 857165889398
Case #4:
908871739678 211439748784 904199036997 603861422263 280518968634 861113468357
710081724604 362643366543 733488612832 875665566975 497182889079 590942224680
Case #5:
140175208828 892907590143 490706462515 902689785723 641305995723 626017729391
303627608647 699411476958 925360845751 330698466556 669984589200 764719785211
Case #6:
780748537773 71345654539 905406317059 669499749646 548301771258 869213262512
684589996721 980904411156 884887543941 82172685248 455778707453 756181948268
Case #7:
581959488177 807073755231 667369136025 592510133328 258026281390 978183985352
194855865575 492050091958 795625695509 979321351153 750883943786 672385831522
Case #8:
533252843115 611269527814 960731956109 574125906250 863503009151 929875281354
586645198700 943811451328 921406613756 540973937499 719306134461 760615188049
Case #9:
542090674689 803772694793 554656049551 182092174552 401516372557 429921646048
752247192776 658608268777 96176545518 469546209099 83566297350 853905098670
Case #10:
989235915934 740282248621 692684165728 916806997889 654244077780 785360639149
665267029063 812909122848 924507926306 579375926161 998266576327 798287464396
