Case #1:
0.23272216
0.07201793
0.02558380
0.05222386
0.13036279
0.11735708
0.11735708
0.13036279
0.11735708
0.13036279
0.13036279
0.13036279
0.23272216
0.05222386
0.03112877
0.23272216
0.00211129
0.11735708
0.11735708
0.11735708
0.02439609
0.04089283
0.13036279
0.04690604
0.11735708
0.13036279
0.13036279
0.11735708
0.03112877
0.05222386
0.13036279
0.13036279
0.00211129
0.05222386
0.13036279
0.05222386
0.00162362
0.13036279
0.04089283
0.13036279
0.05222386
0.13036279
0.23272216
0.00211129
0.07201793
0.04089283
0.13036279
0.11735708
0.11735708
0.02439609
0.04089283
0.02558380
0.13036279
0.13036279
0.07201793
0.00211129
0.13036279
0.00064474
0.00211129
0.11735708
0.11735708
0.11735708
0.02558380
0.02439609
0.07201793
0.13036279
0.23272216
0.13036279
0.07201793
0.13036279
0.00211129
0.13036279
0.00211129
0.03112877
0.00211129
0.04690604
0.23272216
0.11735708
0.23272216
0.04690604
0.13036279
0.00211129
0.13036279
0.05222386
0.00211129
0.00211129
0.13036279
0.13036279
0.23272216
0.11735708
0.00211129
0.11735708
0.04690604
0.13036279
0.23272216
0.00211129
0.11735708
0.03112877
0.13036279
0.00211129
Case #2:
0.02000000
0.02100000
0.02100000
0.00720000
0.00720000
0.00600000
Case #3:
0.01167881
0.00169270
0.00169270
0.02157801
0.02808766
0.02808766
0.00169270
0.02808766
0.00169270
0.00169270
0.01167881
0.01167881
0.02808766
0.02808766
0.00169270
0.00254214
0.02808766
0.00169270
0.02808766
0.02808766
0.02104564
0.00108304
0.02808766
0.02104564
0.01167881
0.00347133
0.00169270
0.01167881
0.02808766
0.01167881
0.00058630
0.01167881
0.01167881
0.02808766
0.00169270
0.06479931
0.00058630
0.00169270
0.01167881
0.00169270
0.02808766
0.00169270
0.02808766
0.01167881
0.02808766
0.00169270
0.01167881
0.02808766
0.02104564
0.02808766
0.02808766
0.02808766
0.00169270
0.02808766
0.01167881
0.02808766
0.01167881
0.02104564
0.02808766
0.00169270
0.01167881
0.02157801
0.02808766
0.02808766
0.04402906
0.02808766
0.02808766
0.02808766
0.01167881
0.01167881
0.01167881
0.02104564
0.01167881
0.01167881
0.02104564
0.02808766
0.02808766
Case #4:
0.26671560
0.00296423
0.00138135
0.00629191
0.00051023
0.04154454
0.00097835
0.04154454
0.00051023
0.00035996
0.04154454
0.00296423
0.00411709
0.04154454
0.04154454
0.04154454
0.00035996
0.00138135
0.00411709
0.08178699
0.00138135
0.00138135
0.08178699
0.00146353
0.00489332
0.00097835
0.00296423
0.00138135
0.00411709
0.00296423
0.07131843
0.00097835
0.00138135
0.00411709
0.00097835
0.00138135
0.04154454
0.00035996
0.00097835
0.07131843
0.00051023
0.00097835
0.00142952
0.00138135
0.51626058
0.00138135
0.00411709
0.00411709
0.00097835
0.00031389
0.00138135
0.00146353
0.00116606
0.00051023
0.00138135
0.26671560
0.00138135
0.00138957
0.26671560
0.00138135
0.00138135
0.08178699
0.02252437
0.00138957
0.00138135
0.00411709
0.14297629
0.00138135
0.00138135
0.00411709
0.00138135
0.00146353
0.00138135
0.14297629
0.00051023
0.04154454
0.00138135
0.00035996
Case #5:
0.00080764
0.00129358
0.01474759
0.00194072
0.00194072
0.01474759
0.00068018
0.00047183
0.00093119
0.00129358
0.00129358
0.00194072
0.00068018
0.00047183
0.00129358
0.00068018
0.00047183
0.00019183
0.00194072
0.00068018
0.00001057
0.00068018
0.00129358
0.00068018
0.00001057
0.00093119
0.00047183
0.00194072
0.00194072
0.00194072
0.00068018
0.01474759
0.00129358
0.00080764
0.01474759
0.01474759
0.00068018
0.01474759
0.01474759
0.01474759
0.00001057
0.00003125
0.00194072
0.00194072
0.01474759
0.00129358
0.00093119
0.00001057
0.00002845
0.00047183
0.00194072
0.00194072
0.00068018
0.01474759
0.00194072
0.00129358
0.01474759
0.00194072
0.00068018
0.00093119
0.00194072
0.00068018
0.00068018
0.00047183
0.00009135
0.00068018
0.01474759
0.00019183
0.00129358
0.00129358
0.00047183
0.00194072
0.00068018
0.00194072
0.00194072
0.00093119
0.01474759
0.01474759
0.00068018
0.00068018
0.00129358
0.00093119
0.00194072
0.00129358
0.01474759
0.00129358
0.00068018
0.00009135
0.00068018
Case #6:
0.90438208
0.99000000
0.93206535
0.89533825
0.98010000
0.96059601
0.97029900
0.99000000
0.89533825
0.99000000
0.97029900
Case #7:
0.00200000
0.03240000
0.00006000
Case #8:
0.00361371
0.19075264
0.22962509
0.22962509
0.19075264
0.00238696
0.00871162
0.19075264
0.22962509
0.00148590
0.00361371
0.00361371
0.19075264
0.00361371
0.00361371
0.04794525
0.04794525
0.19075264
0.19075264
0.00361371
0.19075264
0.19075264
0.22962509
0.00761379
0.19075264
0.01175551
0.00012502
0.00148590
0.00238696
0.19075264
0.00361371
0.00915796
0.01175551
0.00761379
0.19075264
0.19075264
0.19075264
0.00915796
0.19075264
0.19075264
0.19075264
0.01175551
0.19075264
0.00361371
0.00361371
0.22962509
0.00681722
0.00148590
0.06365804
0.00361371
0.00361371
0.00681722
0.00148590
0.00761379
0.04794525
0.04794525
0.00148590
0.19075264
0.01175551
0.00361371
0.00915796
0.00238696
0.01175551
0.19075264
0.06365804
Case #9:
0.50000000
0.25000000
Case #10:
0.00692713
0.00692713
0.00972942
0.00692713
0.14655627
0.00096376
0.00972942
0.00359324
0.00359324
0.00692713
0.00346120
0.00972942
0.00359324
0.00972942
0.00852159
0.00972942
0.00359324
0.01158575
0.00692713
0.04156695
0.00972942
0.00359324
0.00359324
0.00359324
0.00359324
0.00359324
0.00972942
0.00374179
0.00359324
0.00359324
0.00972942
0.04156695
0.00359324
0.00359324
0.11018940
0.00692713
0.00359324
0.00359324
0.00359324
0.00359324
0.00359324
0.11018940
0.00346120
0.00972942
0.00359324
0.00359324
0.00359324
0.00359324
0.00359324
0.00808480
0.00359324
0.00972942
0.00359324
0.00972942
0.00972942
0.00359324
0.00359324
0.00692713
0.00692713
0.22669760
0.00972942
0.00359324
0.00010271
0.00359324
0.11018940
0.00972942
0.22669760
0.00972942
0.05024881
Case #11:
0.00286493
0.00286493
0.06959956
0.05932823
0.07358898
0.13400150
0.08719860
0.06959956
0.13400150
0.07358898
0.00077661
0.06959956
0.08719860
0.00728613
0.07358898
0.00345065
0.13400150
0.08719860
0.07358898
0.00728613
0.00092098
0.13400150
0.00714913
0.06959956
0.23592922
0.13400150
0.00077661
0.13400150
0.07358898
0.00092098
0.07358898
0.07358898
0.06959956
0.28569118
0.07358898
0.07358898
0.00728613
0.00728613
0.08719860
0.08719860
0.08719860
0.00728613
0.07358898
0.21405944
0.07358898
0.07358898
0.07358898
0.06959956
0.08719860
0.05932823
0.07358898
Case #12:
0.03313104
0.03313104
0.00153106
0.00153106
0.00604739
0.17093818
0.00153106
0.04169308
0.03313104
0.03313104
0.03313104
0.03313104
0.17093818
0.00604739
0.03313104
0.00604739
0.03313104
0.17093818
0.02796146
0.00604739
0.03313104
0.00000757
0.17093818
0.03313104
0.07292794
0.17093818
0.03313104
0.00000019
0.00153106
0.00054157
0.03313104
0.03594380
0.00013869
0.00054157
0.03313104
0.17093818
0.03594380
0.03313104
0.00604739
0.00604739
0.04169308
0.00604739
0.17093818
0.00153106
0.00604739
0.04169308
0.00054157
0.00604739
0.03313104
0.07292794
0.17093818
0.03313104
0.00604739
0.03313104
0.03594380
0.17093818
0.00604739
0.00604739
0.03313104
0.03313104
0.04169308
0.17093818
0.00153106
0.17093818
0.03594380
0.17093818
0.17093818
0.00604739
0.00000019
0.03594380
0.00604739
0.00604739
0.00604739
0.03313104
0.03313104
0.03313104
0.03313104
0.00604739
0.17093818
0.00153106
0.07292794
0.00000019
0.03313104
0.03594380
0.00054157
0.07292794
0.17093818
0.03313104
0.17093818
0.00000757
Case #13:
0.70000000
0.70000000
Case #14:
0.00716793
0.04701096
0.08209048
0.00000277
0.05056097
0.01575456
0.00665751
0.01159198
0.12676717
0.05056097
0.08209048
0.02709316
0.12024161
0.12676717
0.00665751
0.02709316
0.12024161
0.05056097
0.01575456
0.03267140
0.08209048
0.02709316
0.08209048
0.01159198
0.05056097
0.00665751
0.12024161
0.01865731
0.00665751
0.02709316
0.08209048
0.00665751
0.00030343
0.00000072
0.12676717
0.08209048
0.03589938
0.04701096
0.05056097
0.12024161
0.12676717
0.00716793
0.12024161
0.08209048
0.05056097
0.00665751
0.00012299
0.02709316
0.02709316
0.12676717
0.04701096
0.04701096
0.00909032
0.05056097
0.01865731
0.02709316
0.00665751
0.03267140
0.01575456
0.08209048
0.12676717
0.04701096
0.00665751
0.01159198
0.03267140
0.02811869
0.12024161
0.12024161
0.12024161
0.12024161
0.00665751
0.12024161
0.01575456
0.12676717
0.12024161
0.12024161
0.12024161
0.12024161
0.04701096
0.03267140
0.12676717
0.05056097
0.12024161
0.03267140
0.00716793
0.00049792
0.04701096
0.00665751
0.02811869
0.12676717
0.12024161
0.12024161
0.12676717
0.08209048
Case #15:
0.04504690
0.56655267
0.00740666
0.04504690
0.56655267
0.00740666
0.56655267
0.56655267
0.56655267
0.04504690
0.00716472
0.00740666
0.04183143
0.00740666
0.00740666
0.56655267
0.56655267
0.00740666
0.56655267
0.00740666
0.00740666
0.00143666
0.04183143
0.56655267
0.00716472
0.00181392
0.03596623
0.04504690
0.00740666
0.04183143
0.56655267
0.56655267
0.56655267
0.56655267
0.56655267
0.56655267
0.00226199
0.56655267
0.56655267
0.00716472
0.03342157
0.56655267
0.04504690
0.56655267
0.56655267
0.56655267
0.56655267
0.00740666
0.56655267
Case #16:
0.01052229
0.00088667
0.00056836
0.01286071
0.02181029
0.01052229
0.01052229
0.01052229
0.01229035
0.00111190
0.02181029
0.00056836
0.01052229
0.00074277
0.00356492
0.00021785
0.00056836
0.00088667
0.00356492
0.01052229
0.01052229
0.00056836
0.00056836
0.01052229
0.00056836
0.00484870
0.00311460
0.00056836
0.00056836
0.00056836
0.00056836
0.00056836
0.01052229
0.00291782
0.01052229
0.00356492
0.00088667
0.01052229
0.00123659
0.00056836
0.00056836
0.00111190
0.01052229
0.00056836
0.00056836
0.00074277
0.00056836
0.00028329
0.00056836
0.00021785
0.00056836
0.01052229
0.00291782
0.00056836
0.00028329
0.02181029
0.00056836
0.01639868
0.00111190
0.01052229
0.01052229
0.00074277
0.00056836
0.00056836
Case #17:
0.02040323
0.01463431
0.01463431
0.00932994
0.09977860
0.02040323
0.00045835
0.00762228
0.09977860
0.07323649
0.06893109
0.09977860
0.06893109
0.06893109
0.06893109
0.09977860
0.00932994
0.00616822
0.01463431
0.00045835
0.12688956
0.12688956
0.01463431
0.00616822
0.02040323
0.06893109
0.03061367
0.09977860
0.03061367
0.12688956
0.01463431
0.02040323
0.01463431
0.02040323
0.02040323
Case #18:
0.00116887
0.28219991
0.28219991
0.00014857
0.00001829
0.28219991
0.00015220
0.28219991
0.00002700
0.00015220
0.01954967
0.06183287
0.28219991
0.28219991
0.00015276
0.28219991
0.01954967
0.28219991
0.03639298
0.01954967
0.28219991
0.28219991
0.28219991
0.28219991
0.01954967
0.28219991
0.00015220
0.00001325
0.28219991
0.01954967
0.06183287
0.28219991
0.28219991
0.28219991
0.03299430
0.28219991
0.28219991
0.28219991
0.28219991
0.06183287
0.00015276
0.28219991
0.01954967
0.06183287
0.28219991
0.01954967
0.00015276
0.28219991
0.28219991
0.01954967
0.00001907
0.28219991
0.00014857
0.28219991
0.01954967
0.28219991
0.28219991
0.06183287
0.28219991
0.00015276
0.00004801
0.03299430
0.01954967
0.01954967
0.00015276
0.01954967
0.28219991
0.28219991
0.28219991
0.00004801
0.28219991
0.28219991
0.06183287
0.01954967
0.03639298
0.28219991
Case #19:
0.02000000
0.02000000
0.00600000
0.02000000
0.02000000
0.02000000
0.02000000
0.02100000
0.02100000
0.02000000
Case #20:
0.38554330
0.38554330
0.28563586
0.28563586
0.28563586
0.28563586
0.28563586
0.28563586
0.28563586
0.28563586
0.28563586
0.28563586
0.38554330
0.28563586
0.28563586
0.28563586
0.38554330
0.38554330
0.28563586
0.28563586
0.28563586
0.38554330
0.38554330
0.08635320
0.01738740
0.28563586
0.28563586
0.10728703
0.38554330
0.08635320
0.38554330
0.28563586
0.38554330
0.28563586
0.38554330
0.28563586
0.28563586
0.38554330
0.38554330
0.38554330
0.28563586
0.00002596
0.38554330
0.28563586
0.38554330
0.38554330
0.38554330
0.28563586
0.28563586
0.38554330
0.28563586
0.01738740
0.38554330
0.38554330
0.28563586
0.38554330
0.01738740
0.28563586
0.38554330
0.28563586
0.08635320
0.38554330
0.38554330
0.38554330
0.28563586
0.28563586
0.38554330
0.28563586
0.38554330
0.38554330
0.38554330
0.38554330
0.38554330
0.38554330
0.38554330
0.38554330
Case #21:
0.25757131
0.25757131
0.25757131
0.02032369
0.29234982
0.02032369
0.01803781
0.25757131
0.29234982
0.00139947
0.00095744
0.25757131
0.00095744
0.00095744
0.02032369
0.00095744
0.00095744
0.02032369
0.00093021
0.00106033
0.01803781
0.25757131
0.25757131
0.29234982
0.00017486
0.00095744
0.00139947
0.01803781
0.00095744
0.25757131
0.00095744
0.25757131
0.25757131
0.00095744
0.02032369
0.00456945
0.00106033
0.00106033
0.25757131
0.25757131
0.29234982
0.00095744
0.00106033
0.00095744
0.25757131
0.29234982
0.02032369
0.00017486
0.00017486
Case #22:
0.02006892
0.02072140
0.00057591
0.00409258
0.02006892
0.00231142
0.00411698
0.00409258
0.01786590
0.02072140
0.00409258
0.00520146
0.01786590
0.00409258
0.00023887
0.02072140
0.02072140
0.00021997
0.00520146
0.00520146
0.00546392
0.00409258
0.00409258
0.02006892
0.00409258
0.00409258
0.00409258
0.00409258
0.02006892
0.00546392
0.02006892
0.00520146
0.00623792
0.00520146
0.00700750
0.02072140
0.00520146
0.02006892
0.00409258
0.00623792
0.00409258
0.00409258
0.02072140
0.00623792
0.00546392
0.00231142
0.00409258
0.00231142
0.00409258
0.00520146
0.00520146
0.00409258
0.00057591
0.02006892
0.00409258
0.00009925
0.00520146
0.00409258
0.00546392
0.00409258
0.02072140
0.00231142
0.00021997
0.02006892
Case #23:
0.02138303
0.02138303
0.02138303
0.00006692
0.00067239
0.00000620
0.00368596
0.00006692
0.01824761
0.06745158
0.00006692
0.00067239
0.00368596
0.00067239
0.00067239
0.00417140
0.04048387
0.03526580
0.00443004
0.08064960
0.02138303
0.01536190
0.00005180
0.00067239
0.05805217
0.00000118
0.02341194
0.06745158
0.02138303
0.01536190
0.08064960
0.00417140
0.02341194
Case #24:
0.04000000
0.05000000
0.08000000
0.02000000
0.07000000
0.06000000
0.01000000
0.03000000
Case #25:
0.06000000
0.07000000
0.05000000
0.02000000
0.04000000
0.03000000
0.01000000
0.08000000
Case #26:
0.00579000
0.00732756
0.01727204
0.00579000
0.01727204
0.18129605
0.18129605
0.00290262
0.00219231
0.00263606
0.18129605
0.01727204
0.00579000
0.00579000
0.01727204
0.18129605
0.00732756
0.00290262
0.00219231
0.18129605
0.00539134
0.00539134
0.01727204
0.18129605
0.01727204
0.00135274
0.00579000
0.00579000
0.01727204
0.00579000
0.18129605
0.00579000
0.03458182
0.18129605
0.01041209
0.18129605
0.01727204
0.00263606
0.01727204
0.00579000
Case #27:
0.05907006
0.00342124
0.05907006
0.00034090
0.00018076
0.05907006
0.01926229
0.05907006
0.05907006
0.02076452
0.00034090
0.00034090
0.05907006
0.02076452
0.02076452
0.02076452
0.02076452
0.05907006
0.05907006
0.05907006
0.05907006
0.02076452
0.05907006
0.02076452
0.05907006
0.02076452
0.05907006
0.05907006
0.01926229
0.02076452
0.02076452
0.05907006
0.00159209
0.05907006
0.02076452
0.00018076
0.02076452
0.02076452
0.05907006
0.00159209
0.02076452
0.05907006
0.05907006
0.05907006
0.02076452
0.01926229
0.04082170
0.04082170
0.01926229
0.02076452
0.00034090
0.05907006
0.05907006
0.05907006
0.02076452
0.05907006
0.02076452
0.05907006
0.02076452
0.02076452
0.01926229
0.02076452
0.05907006
Case #28:
0.96059601
0.86874581
0.88638487
0.77004315
0.93206535
0.91351725
0.95099005
0.99000000
0.73970037
0.84294319
0.80972787
0.77004315
0.73970037
0.79361428
0.92274469
0.73230337
0.90438208
0.98010000
0.74717209
0.85145777
0.86005835
0.77004315
0.80163059
0.83451376
0.76234271
0.90438208
0.97029900
0.77782136
0.83451376
0.79361428
0.80972787
0.90438208
0.88638487
0.82616862
0.74717209
0.84294319
0.78567814
0.78567814
0.85145777
0.87752102
0.86874581
0.86005835
0.72498034
0.81790694
0.94148015
0.77782136
0.98010000
0.89533825
0.93206535
0.95099005
0.81790694
0.92274469
0.76234271
0.73230337
0.93206535
0.96059601
0.82616862
0.94148015
0.88638487
0.85145777
0.84294319
0.80163059
0.80972787
0.75471929
0.91351725
0.97029900
0.75471929
0.89533825
0.92274469
0.98010000
0.91351725
0.97029900
0.77782136
0.89533825
0.75471929
0.99000000
0.71773053
0.72498034
0.96059601
0.99000000
0.83451376
0.94148015
0.95099005
0.74717209
0.81790694
0.82616862
0.79361428
0.71773053
0.76234271
0.72498034
0.73230337
0.86005835
0.99000000
0.87752102
0.87752102
0.86874581
0.73970037
0.78567814
0.71773053
0.80163059
Case #29:
0.02878295
0.05754095
0.48060477
0.04022168
0.02035181
0.19620317
0.02878295
0.09223755
0.05754095
0.09223755
0.04346396
0.05754095
0.00477836
0.02035181
0.01305288
0.05844230
0.02035181
0.09223755
0.02233300
0.09223755
0.05754095
0.04305093
0.09223755
0.02035181
0.09223755
0.48060477
0.04022168
0.09223755
0.02035181
0.48060477
0.02035181
0.48060477
0.00477836
0.07617447
0.09223755
0.19620317
0.02035181
0.48060477
0.09223755
0.05754095
0.00920448
0.04305093
0.48060477
0.05754095
0.00189882
0.09223755
0.02878295
0.00477836
0.05754095
0.01305288
0.09223755
0.05754095
0.04305093
0.09223755
0.00477836
0.04022168
0.00189882
Case #30:
0.00866521
0.00010911
0.00159633
0.00137190
0.00866521
0.00866521
0.00866521
0.00010911
0.00866521
0.00866521
0.00213007
0.00866521
0.00866521
0.00866521
0.00866521
0.00010911
0.00866521
0.00161786
0.00010911
0.00866521
0.00108714
0.00866521
0.00866521
0.00866521
0.00010911
0.00137190
0.00866521
0.00010911
0.00866521
0.00161786
0.00010911
0.00010911
0.00159633
0.00866521
0.00172750
0.00159633
0.00866521
0.00137190
0.00329843
0.00866521
0.00010911
0.00866521
0.00866521
0.00010911
0.00866521
0.00010911
0.00010911
0.00159633
0.00866521
0.00137190
0.00329843
0.00329843
0.00866521
0.00866521
0.00011339
0.00866521
0.00213007
0.00866521
Case #31:
0.39705195
0.00008312
0.39705195
0.00008312
0.39705195
0.15249841
0.39705195
0.04959952
0.39705195
0.01119579
0.00005101
0.39705195
0.04959952
0.39705195
0.00008312
0.39705195
0.39705195
0.01119579
0.39705195
0.04959952
0.39705195
0.00008312
0.39705195
0.00753811
0.04959952
0.04959952
0.39705195
0.39705195
0.00008312
0.00005101
0.00008312
0.15249841
0.04959952
0.39705195
0.39705195
0.39705195
0.00753811
0.39705195
0.00008312
0.00008312
0.00005101
0.15249841
0.39705195
0.04959952
0.00008312
0.00008312
0.39705195
0.39705195
0.04959952
0.00008312
0.39705195
0.39705195
0.15249841
0.39705195
0.04959952
0.39705195
0.39705195
0.04959952
0.39705195
0.39705195
0.01119579
0.04959952
0.39705195
0.15249841
0.39705195
Case #32:
0.34833302
0.01318847
0.01318847
0.34833302
0.34833302
0.25210001
0.34833302
0.02359282
0.34833302
0.34833302
0.34833302
0.34833302
0.34833302
0.01318847
0.01318847
0.01318847
0.01318847
0.34833302
0.34833302
0.34833302
0.00284466
0.01318847
0.34833302
0.34833302
0.25210001
0.25210001
0.00190267
0.34833302
0.25210001
0.00284466
0.34833302
0.01318847
0.34833302
0.01318847
0.34833302
0.02359282
0.02359282
Case #33:
0.00170854
0.11458488
0.29794032
0.29794032
0.03231239
0.29794032
0.29794032
0.03663785
0.29794032
0.29794032
0.03007579
0.03007579
0.12614947
0.01282065
0.03007579
0.29794032
0.03007579
0.00792175
0.01282065
0.03231239
0.11458488
0.01056688
0.03007579
0.01282065
0.00407869
0.29794032
0.29794032
0.05369500
0.29794032
0.03007579
0.00002352
0.00407869
0.12614947
0.29794032
0.01056688
0.05369500
0.03231239
0.00407869
0.03663785
0.03231239
0.00170854
0.03007579
0.00323308
0.29794032
0.03231239
0.03007579
Case #34:
0.01520146
0.00030443
0.00008155
0.00470477
0.22997157
0.22997157
0.00008155
0.01520146
0.22997157
0.01074295
0.01074295
0.22997157
0.00034738
0.22997157
0.01868089
0.00030443
0.01074295
0.00015042
0.00030443
0.22997157
0.22997157
0.02912696
0.22997157
0.22997157
0.00352502
0.22997157
0.02912696
0.00008155
0.22997157
0.22997157
0.00008155
0.00352502
0.22997157
0.22997157
0.22997157
0.00008155
0.22997157
0.00008155
0.00004931
0.01868089
0.02912696
0.01074295
0.00073737
0.22997157
0.00073737
0.22997157
0.00008155
0.00008155
0.01868089
0.01074295
0.22997157
0.01868089
0.00030443
0.22997157
0.22997157
0.00823451
0.00008155
0.22997157
0.22997157
0.22997157
0.00073737
0.01074295
0.00008155
0.00219837
0.00008155
0.22997157
0.00008155
0.01074295
0.22997157
0.02912696
0.22997157
0.22997157
0.02143887
0.22997157
0.00975662
0.02143887
0.02143887
0.22997157
0.01074295
0.22997157
0.22997157
0.01074295
0.00030443
0.00009271
0.01868089
0.22997157
0.22997157
0.00008155
0.22997157
0.01868089
0.00008155
0.00030443
0.01520146
0.00008155
0.00008155
0.01520146
Case #35:
0.00173514
0.00364859
0.00164950
0.00173514
0.00164950
0.00192182
0.00394378
0.00192182
0.00364859
0.00164950
0.00044486
0.00173514
0.00364859
0.00003486
0.00364859
0.00394378
0.00173514
0.00192182
0.00164950
0.00192182
0.00012797
0.00066534
0.00164950
0.00364859
0.00364859
0.00143060
0.00164950
0.00394378
0.00044486
0.00364859
0.00062603
0.00173514
0.00173514
0.00173514
0.00164950
0.00012797
0.00364859
0.00164950
0.00173514
0.00143060
0.00192182
0.00364859
0.00066534
0.00012797
0.00364859
0.00164950
0.00364859
0.00173514
0.00364859
0.00394378
0.00173514
0.00192182
0.00173514
0.00012797
0.00164950
0.00364859
0.00192182
0.00364859
0.00012797
0.00173514
0.00164950
0.00394378
0.00004074
0.00173514
0.00394378
0.00364859
0.00364859
0.00012797
0.00173514
0.00364859
0.00164950
0.00394378
0.00173514
0.00364859
0.00173514
