Case #1:
44.72135955
25.00000000
25.00000000
Case #2:
50000.00000000
50000.00000000
Case #3:
1.41421356
0.45152364
Case #4:
141.42135624
65.93804734
45.15236410
Case #5:
1.41421356
0.65938047
0.45152364
Case #6:
2.47068705
1.44961124
1.66134147
2.18453250
1.63876785
4.46094160
1.42426904
1.60761176
Case #7:
10.95163071
32.37684358
14.52299917
15.26259043
12.02445783
19.81430649
11.45410388
19.92656975
10.33713060
23.67629289
Case #8:
45.39506315
45.16070401
134.17573280
44.92993753
121.11653403
45.04487744
128.46348379
45.51361928
140.72469577
123.42372294
Case #9:
1.89308118
1.75775900
1.75775900
2.18409484
3.75765885
1.75775900
2.67045186
1.75775900
1.75775900
1.75775900
Case #10:
88307.75000000
88307.75000000
88307.75000000
88307.75000000
88307.75000000
88307.75000000
88307.75000000
88307.75000000
Case #11:
100000.00000000
100000.00000000
100000.00000000
100000.00000000
100000.00000000
100000.00000000
100000.00000000
100000.00000000
100000.00000000
Case #12:
44.64689438
39.36485901
39.36485901
39.36485901
39.36485901
62.98059666
51.51023252
88.62155494
39.95368253
39.36485901
Case #13:
72998.59201726
72998.59201726
72998.59201726
72998.59201726
72998.59201726
72998.59201726
72998.59201726
72998.59201726
72998.59201726
Case #14:
10.07599443
7.93946880
16.64665465
11.13067871
11.34082668
17.90134354
8.30329522
10.34498220
12.96984999
8.69916443
Case #15:
50.49395500
75.21815890
50.49395500
50.49395500
50.49395500
50.49395500
60.93367296
50.49395500
109.00146788
Case #16:
32.25112002
44.31191865
30.34657509
30.18810625
40.75712772
49.60412029
37.03708472
29.81095440
Case #17:
43399.81242038
43399.81242038
43399.81242038
43399.81242038
43399.81242038
43399.81242038
43399.81242038
43399.81242038
Case #18:
24.82321331
14.14391450
15.71546081
20.30227653
34.92935728
14.39239093
14.14391450
17.59715598
14.14391450
15.74737041
Case #19:
73.66683269
52.57547200
52.57547200
52.57547200
52.92381494
81.33591057
105.00420903
101.07006063
71.59906236
Case #20:
26.11825400
48.07216864
26.11825400
45.28933999
26.11825400
52.03964907
26.11825400
26.11825400
26.11825400
