Case #1:
0.00558270
0.02660079
0.02660079
0.00558270
0.00558270
0.02660079
0.02660079
0.00558270
Case #2:
0.56545324
0.10612808
0.10612808
0.56545324
0.14907827
0.14907827
0.56545324
0.14907827
0.56545324
0.35740163
Case #3:
0.00153666
0.00153666
0.00153666
0.00153666
0.09165457
0.00099561
0.09165457
0.09165457
Case #4:
0.25389495
0.25389495
0.25389495
0.10910034
0.25389495
0.25389495
0.25389495
0.25389495
Case #5:
0.06131785
0.05099414
0.06131785
0.02908936
0.05099414
0.06131785
0.02908936
Case #6:
0.43817644
0.43817644
0.06860922
0.06860922
0.43817644
0.43817644
0.14267584
0.19498823
Case #7:
0.01274526
0.14730151
0.01274526
0.01274526
0.01274526
0.01274526
0.01274526
0.01274526
0.14730151
Case #8:
0.02633722
0.07260375
0.12821875
0.07260375
0.12821875
0.12821875
0.07260375
0.07260375
0.12821875
Case #9:
0.50000000
0.25000000
Case #10:
0.04698198
0.09659188
0.04698198
0.09659188
0.04698198
0.04698198
0.09659188
0.04698198
Case #11:
0.00624187
0.00624187
0.00110334
0.00624187
0.00110334
0.00021995
0.00624187
Case #12:
0.18686366
0.14467664
0.18686366
0.14467664
0.18686366
0.14467664
0.18686366
0.18686366
0.18686366
Case #13:
0.08935675
0.77313888
0.77313888
0.77313888
0.08935675
0.08935675
Case #14:
0.04822331
0.04822331
0.13287915
0.13287915
0.13287915
0.04822331
0.13287915
Case #15:
0.06652018
0.06652018
0.17583229
0.17583229
0.17583229
0.05274441
0.05274441
0.05274441
Case #16:
0.01928430
0.00357503
0.01188771
0.01928430
0.00357503
0.01188771
0.01928430
Case #17:
0.19485218
0.19485218
0.02359271
0.02359271
0.02359271
0.02359271
0.02359271
0.03586071
0.02359271
0.02359271
Case #18:
0.08368478
0.08368478
0.08368478
0.08368478
0.08368478
0.00781776
0.00781776
0.00781776
Case #19:
0.56445544
0.56445544
0.56445544
0.41651339
0.42075259
0.41651339
0.56445544
0.56445544
Case #20:
0.03783577
0.03783577
0.08075112
0.01190752
0.03783577
0.08075112
0.03783577
Case #21:
0.02289615
0.02289615
0.00714016
0.02289615
0.00714016
0.02289615
0.00714016
Case #22:
0.32795793
0.32795793
0.16007440
0.16007440
0.16007440
0.17275022
Case #23:
0.04976700
0.09479441
0.18297937
0.18297937
0.18297937
0.18297937
0.18297937
0.04976700
0.18297937
0.09103712
Case #24:
0.03857604
0.03857604
0.22798249
0.03857604
0.22798249
0.03857604
0.20216240
Case #25:
0.75609161
0.08352763
0.75609161
0.35441887
0.35441887
Case #26:
0.06881063
0.06881063
0.00499648
0.06881063
0.06881063
0.06881063
Case #27:
0.08475487
0.08475487
0.36232161
0.08475487
0.08475487
0.02097684
0.36232161
Case #28:
0.03177669
0.48176037
0.48176037
0.02871826
0.04943855
0.03177669
0.03177669
0.04943855
Case #29:
0.00720000
0.00600000
0.02000000
0.00720000
0.02100000
0.02100000
Case #30:
0.17449776
0.23622013
0.22810933
0.23622013
0.23622013
Case #31:
0.20368206
0.32993047
0.25344652
0.20368206
0.25344652
0.32993047
0.25344652
0.25344652
0.32993047
0.25344652
Case #32:
0.05636586
0.03459705
0.03459705
0.00054767
0.03459705
0.03459705
0.03459705
Case #33:
0.45165655
0.30139161
0.30139161
0.05753537
0.05753537
Case #34:
0.18195923
0.06761973
0.06761973
0.18195923
0.13981050
Case #35:
0.09670449
0.06130287
0.12499141
0.09670449
0.09670449
0.09670449
0.12499141
0.09670449
Case #36:
0.05142567
0.21633538
0.21633538
0.21633538
0.21633538
0.05142567
Case #37:
0.24490851
0.24490851
0.24490851
0.14678936
0.24490851
0.24490851
0.01780514
0.14678936
Case #38:
0.81802219
0.02125108
0.81802219
0.11731795
0.11731795
0.11731795
0.81802219
Case #39:
0.02533558
0.18505042
0.05189964
0.02533558
0.02533558
0.02533558
0.02533558
0.05189964
Case #40:
0.00550857
0.35278719
0.00550857
0.00550857
0.00550857
0.35278719
Case #41:
0.08020473
0.08020473
0.18033634
0.18033634
0.18033634
0.18033634
0.18033634
Case #42:
0.09424580
0.02602191
0.09424580
0.02602191
0.09424580
Case #43:
0.17327550
0.17327550
0.17327550
0.14143300
0.17327550
Case #44:
0.12117654
0.00209309
0.00209309
0.08796830
0.09818202
0.12117654
0.09818202
0.12117654
Case #45:
0.13289960
0.13289960
0.08220969
0.13289960
0.13289960
0.13289960
0.13289960
0.08220969
0.13289960
Case #46:
0.00794472
0.26791767
0.01473570
0.00794472
0.01473570
Case #47:
0.64614408
0.64614408
0.64614408
0.64614408
0.64614408
0.64614408
0.64614408
0.20352070
0.64614408
0.20352070
Case #48:
0.25481337
0.25481337
0.25481337
0.25481337
0.00690709
0.05722653
0.25481337
0.25481337
Case #49:
0.06847593
0.25665754
0.25665754
0.15023629
0.01538511
Case #50:
0.00117892
0.00005685
0.00024175
0.00117892
0.00005685
0.00117892
0.00117892
0.00005685
0.00117892
Case #51:
0.04399081
0.15716154
0.09424747
0.09424747
0.15716154
0.15716154
Case #52:
0.09773755
0.64597167
0.64597167
0.09773755
0.64597167
0.64597167
Case #53:
0.03841038
0.05066698
0.03841038
0.01879583
0.03841038
0.03841038
0.05066698
0.03841038
0.05066698
0.01879583
Case #54:
0.00036943
0.00036943
0.01173846
0.00036943
0.01173846
0.00036943
0.08450070
0.01173846
0.00036943
Case #55:
0.01354523
0.01146612
0.00394184
0.00658788
0.01146612
Case #56:
0.05688434
0.21454498
0.21454498
0.21454498
0.21454498
0.21454498
0.21454498
Case #57:
0.19727622
0.00999400
0.15325097
0.19727622
0.19727622
0.19727622
Case #58:
0.05947981
0.01485329
0.05947981
0.01485329
0.01485329
0.01485329
0.01485329
0.01485329
0.01485329
0.01936470
Case #59:
0.03731533
0.03576461
0.24947731
0.03576461
0.24947731
0.03576461
0.03731533
0.24947731
Case #60:
0.09163489
0.09163489
0.09163489
0.09163489
0.09163489
0.09163489
0.04046848
0.09163489
Case #61:
0.24931780
0.24931780
0.00314115
0.24931780
0.02317140
0.00314115
0.00314115
0.24931780
0.02317140
Case #62:
0.18117870
0.00161244
0.18117870
0.18117870
0.00161244
0.01071816
0.01071816
0.18117870
0.00161244
0.01071816
Case #63:
0.34840992
0.34840992
0.11120675
0.02251252
0.34840992
0.02251252
Case #64:
0.01850342
0.01850342
0.00007005
0.01850342
0.01850342
0.00013145
0.00007005
0.05119796
0.01850342
0.05119796
Case #65:
0.09522047
0.13183729
0.36769202
0.36769202
0.13183729
0.36769202
0.09522047
0.09522047
Case #66:
0.02996590
0.02996590
0.13010707
0.02996590
0.02996590
0.09526285
0.13010707
Case #67:
0.01897186
0.01897186
0.06015227
0.01897186
0.06015227
0.06015227
0.01897186
0.11121152
Case #68:
0.17205689
0.23238272
0.23238272
0.23238272
0.17205689
Case #69:
0.35425822
0.06000440
0.35425822
0.35425822
0.06000440
0.06000440
0.06000440
0.35425822
0.35425822
0.06000440
Case #70:
0.08039928
0.08039928
0.08039928
0.03982678
0.08039928
0.08039928
0.08039928
0.08039928
Case #71:
0.00419383
0.03802981
0.00419383
0.13146937
0.13146937
0.00419383
0.03802981
0.00419383
Case #72:
0.00030679
0.28084926
0.00030679
0.00034525
0.00030679
0.28084926
0.28084926
Case #73:
0.31066688
0.45229627
0.45229627
0.45229627
0.35094161
0.31066688
0.31066688
0.45229627
0.45229627
Case #74:
0.31926964
0.20140302
0.31926964
0.33095036
0.31926964
0.20140302
Case #75:
0.00067268
0.00258448
0.00258448
0.00067268
0.00067268
0.00258448
0.00067268
0.02846384
0.05235466
0.00067268
Case #76:
0.72860641
0.22222182
0.72860641
0.72860641
0.72860641
0.22222182
0.72860641
0.04396334
0.22222182
Case #77:
0.00266728
0.02295116
0.02295116
0.02295116
0.00315416
0.00315416
0.02295116
0.02295116
0.02165192
Case #78:
0.03846827
0.03846827
0.03846827
0.07621318
0.07621318
0.26233405
Case #79:
0.08849760
0.23934785
0.23934785
0.23934785
0.02957217
0.23934785
0.02957217
0.02957217
Case #80:
0.00806060
0.04984081
0.00806060
0.00806060
0.04984081
0.04984081
0.04984081
0.04984081
0.04984081
Case #81:
0.45697241
0.45697241
0.45697241
0.45697241
0.45697241
0.03205637
0.45697241
0.45697241
0.45697241
Case #82:
0.06346117
0.00928086
0.00928086
0.00928086
0.06346117
0.06346117
0.00928086
Case #83:
0.21986423
0.01819982
0.21986423
0.21986423
0.00635092
0.01819982
0.00635092
0.00635092
0.21986423
0.00635092
Case #84:
0.00698816
0.00362660
0.00362660
0.00362660
0.00362660
0.00698816
0.00362660
Case #85:
0.16359415
0.11035978
0.16359415
0.14987666
0.14987666
0.14987666
Case #86:
0.26565831
0.56114108
0.56114108
0.26565831
0.56114108
Case #87:
0.02000000
0.02000000
0.02100000
0.02100000
0.02000000
0.02000000
0.00600000
0.02000000
0.02000000
0.02000000
Case #88:
0.08484908
0.08484908
0.03585130
0.03585130
0.08484908
0.51418422
0.03585130
0.03585130
Case #89:
0.50210997
0.71687238
0.71687238
0.50210997
0.00822351
0.50210997
0.05559006
0.71687238
0.71687238
0.71687238
Case #90:
0.70000000
0.70000000
Case #91:
0.23301255
0.23301255
0.11651791
0.06610719
0.23301255
0.06610719
Case #92:
0.33993734
0.33993734
0.63359781
0.67990197
0.33993734
0.33993734
0.67990197
0.33993734
Case #93:
0.02806056
0.09974519
0.04695536
0.09974519
0.09974519
0.04695536
Case #94:
0.09716070
0.16864385
0.16864385
0.16864385
0.16864385
0.16864385
0.13881270
Case #95:
0.13307173
0.13307173
0.25508001
0.13307173
0.25508001
0.18696619
0.25508001
Case #96:
0.08201141
0.02761325
0.30712114
0.30712114
0.08201141
0.02761325
0.30712114
0.30712114
0.02761325
Case #97:
0.12890040
0.08076083
0.19931048
0.12890040
0.19931048
Case #98:
0.02008227
0.04193668
0.00611519
0.04193668
0.04193668
0.02008227
Case #99:
0.17218696
0.02557550
0.25081830
0.17218696
0.17218696
0.17218696
0.17218696
0.17218696
Case #100:
0.16112535
0.87074443
0.87074443
0.32681749
0.16112535
