Case #1:
0.50000000
0.50000000
0.50000000
Case #2:
0.64583333
0.36805556
0.60416667
0.39583333
Case #3:
0.42476852
0.69444444
0.50000000
0.46296296
0.50520833
0.37847222
0.56163194
0.30555556
0.64149306
0.50000000
Case #4:
0.32986111
0.22222222
0.92187500
0.53819444
0.63194444
0.36111111
0.65277778
0.27604167
Case #5:
0.26388889
0.73611111
0.50000000
0.70833333
0.29166667
Case #6:
0.57986111
0.52256944
0.63194444
0.64756944
0.22222222
0.31597222
Case #7:
0.61979167
0.58645833
0.33958333
0.54375000
0.34687500
0.55173611
Case #8:
0.52430556
0.50868056
0.55295139
0.46961806
0.43229167
0.47916667
Case #9:
0.45833333
0.62500000
0.37500000
0.54166667
Case #10:
0.55537368
0.54477183
0.37405423
0.46005952
0.51370701
0.40728175
0.60310516
0.55044312
Case #11:
0.50000000
0.37500000
0.62500000
Case #12:
0.28125000
0.41666667
0.25000000
0.96875000
0.41666667
0.35416667
0.68750000
0.44444444
0.50000000
0.78125000
Case #13:
0.62500000
0.59722222
0.56944444
0.54166667
0.51388889
0.48611111
0.45833333
0.43055556
0.40277778
0.37500000
Case #14:
0.00000000
0.18750000
0.25000000
0.50000000
0.75000000
0.81250000
1.00000000
Case #15:
0.30208333
0.39062500
0.17708333
0.66666667
0.79166667
0.76041667
0.56250000
0.45138889
Case #16:
0.59722222
0.45833333
0.43055556
0.62500000
0.54166667
0.51388889
0.56944444
0.37500000
0.48611111
0.40277778
Case #17:
0.55914647
0.56339596
0.41906027
0.43656817
0.45497065
0.50661915
0.57287194
0.50938607
0.56008342
0.37369039
Case #18:
0.43750000
0.33333333
0.68750000
0.67187500
0.50000000
0.35416667
Case #19:
0.50000000
0.50000000
0.50000000
0.50000000
0.50000000
0.50000000
0.50000000
0.50000000
0.50000000
Case #20:
0.51101998
0.51959157
0.37280008
0.49976244
0.46010054
0.53892594
0.45553981
0.64673721
0.47420202
0.53641213
