Case #1:
44.72135955
25.00000000
25.00000000
Case #2:
50000.00000000
50000.00000000
Case #3:
10140.97414264
Case #4:
1.41421356
0.45152364
Case #5:
2.24797259
2.83241926
3.05648577
1.37142069
1.99160248
1.47577577
1.21494505
3.26752073
2.81655124
1.69201159
1.87479372
1.48722493
1.47126957
2.39286574
1.33479635
1.55006686
1.20312200
1.30563466
1.21305506
1.46237964
1.24101980
2.23214160
1.27173585
1.32567935
1.38152168
1.50013206
3.46899096
1.53456580
2.07123881
1.86102516
1.34839972
3.05648577
1.39375194
1.22712365
1.39662073
1.48032362
1.20930140
1.64149236
1.54225791
1.70582416
1.45149059
1.28497579
1.84755556
1.25539900
1.34581741
1.67686648
1.46903190
1.97783865
2.75564564
2.31922139
1.42836616
2.51219249
1.23368235
1.77049649
3.23128093
1.47351750
1.32814726
2.46340741
3.76828874
2.29756619
1.84313027
2.89868364
3.35705843
1.57148504
1.24101980
3.52932576
3.03657360
1.35186605
1.41821417
1.64461604
1.61712748
1.32567935
1.43873933
1.42224893
1.33395975
1.36780216
2.33251217
1.26455490
1.87945160
2.28907239
1.25609625
1.35535925
1.43248844
1.68522995
1.41421356
2.30615525
1.20867918
2.96064724
1.83873663
3.33072815
1.88650397
1.70582416
3.39775153
3.60936600
2.35518046
1.78034908
1.65091727
1.29175274
1.39090075
1.54355121
1.59097275
2.05577004
1.20435030
1.66862630
1.60680372
1.89124990
2.01711871
2.20145779
2.49015529
1.31274558
1.30328991
1.54875713
1.61120392
3.15120135
1.25819499
2.92475928
1.59381632
1.52448644
1.50973300
1.36870410
1.33563453
1.63529802
1.29023749
2.96982757
1.25331419
1.20496587
1.23967598
1.25262156
2.26824327
1.29327335
1.33312472
1.26741266
2.28067209
2.43241992
1.21368408
1.44827101
1.36510698
1.24643913
1.97241247
1.98056859
1.32980022
3.07679487
1.60243937
1.39950730
1.69543326
1.69030851
1.22323829
1.40338406
1.25960001
1.24304376
1.22323829
1.79036801
1.21054875
2.88168242
1.37874475
1.87945160
1.67026462
1.88179359
2.46868803
1.71285852
1.27464268
1.39950730
1.41921964
1.30799212
3.01704559
1.45581695
3.71300522
1.30957086
1.62161328
1.53076266
3.08710242
2.87329322
2.58198890
1.31835735
1.93309133
2.03468467
2.15771585
1.49776031
2.67126906
1.66699279
2.27650648
1.66212091
1.49422368
1.22452930
1.76080569
2.60036627
2.79324145
1.65889662
1.92550560
2.78559919
1.55932897
1.77638835
2.41239966
1.60389020
1.33062901
1.38806700
2.24001514
1.57285333
1.58113883
1.51338117
2.89868364
1.46569445
1.24848976
1.66212091
1.49187980
1.71463075
2.08068938
2.74102673
1.25055054
2.13337340
1.77836541
1.43456300
1.23567055
1.37598450
1.45364894
2.92475928
3.64294222
2.08706210
3.48378417
1.75888656
1.48954691
1.69371983
2.62549117
1.62011387
1.38431546
1.22712365
1.23900570
2.36910283
1.26884882
1.26526753
1.35799700
2.10653744
1.66374012
1.44084121
1.70060490
1.45041501
1.32241010
1.57974882
2.52343278
1.25749424
1.63838641
1.22388329
1.41222591
1.84533893
Case #6:
60.70525329
60.70525329
72.23369536
60.70525329
62.12502264
60.70525329
60.70525329
60.70525329
70.10721860
83.36755027
60.70525329
75.88182773
60.70525329
117.89952025
60.70525329
60.70525329
89.93022548
60.70525329
60.70525329
60.70525329
60.70525329
60.70525329
60.70525329
60.70525329
60.70525329
111.93679051
60.75660577
60.70525329
60.70525329
60.70525329
60.70525329
60.70525329
84.02659254
60.70525329
72.66111740
60.70525329
60.70525329
67.19994410
60.70525329
64.10222062
103.21879558
60.70525329
62.87974413
69.15849803
71.91803312
93.62007911
88.53277847
122.79368117
60.70525329
60.70525329
60.70525329
65.47763345
60.70525329
87.76291360
60.70525329
60.70525329
60.70525329
60.70525329
81.17740061
60.70525329
119.30592609
60.70525329
64.93230160
60.70525329
60.70525329
60.70525329
60.70525329
75.03665771
60.70525329
60.70525329
60.70525329
85.21851864
121.26189130
60.70525329
60.70525329
65.79548791
74.21911331
60.70525329
60.70525329
87.19851602
60.70525329
60.70525329
90.54972919
73.87682503
108.91091161
60.70525329
60.70525329
60.70525329
66.61082865
61.39684059
60.70525329
66.03694005
104.15859156
114.80218091
71.50351651
60.70525329
98.06886714
60.70525329
60.70525329
81.78547953
113.13829317
60.70525329
60.70525329
75.51613005
106.45527753
63.37458955
67.54368007
60.70525329
82.88332032
60.70525329
60.70525329
61.65866199
95.27720031
77.26964032
60.70525329
60.70525329
60.70525329
60.70525329
110.39276083
102.00441454
60.70525329
63.09039713
60.70525329
60.70525329
64.62673614
60.70525329
60.70525329
133.38808043
60.70525329
60.70525329
60.70525329
92.04652033
61.92386176
60.70525329
60.70525329
60.70525329
126.60636308
60.70525329
84.53126130
60.70525329
60.70525329
60.70525329
60.70525329
60.70525329
60.70525329
78.19347755
101.12124281
92.93587935
116.09942187
60.70525329
66.36305038
80.73013880
60.70525329
60.70525329
82.25061397
124.92938356
60.70525329
62.39631224
97.28325609
130.79777403
99.14657936
70.79504240
60.70525329
60.70525329
60.70525329
60.70525329
60.70525329
60.70525329
60.70525329
60.70525329
60.70525329
60.70525329
61.20264872
63.59027227
80.14513009
60.70525329
60.70525329
60.70525329
60.70525329
63.88130478
60.70525329
89.12366008
91.39600673
69.81851228
68.15812517
60.70525329
128.95112455
60.70525329
67.80497188
76.75621510
70.49779108
78.59968017
76.37779267
60.70525329
60.70525329
60.70525329
60.70525329
60.70525329
60.70525329
62.60212801
60.70525329
60.70525329
60.70525329
60.70525329
60.70525329
68.78965008
96.26455518
60.70525329
79.15126364
60.70525329
60.70525329
64.40037209
60.70525329
77.66154296
99.97859321
60.70525329
60.70525329
60.70525329
72.98671030
65.24224275
60.70525329
60.94656957
60.70525329
107.83787153
60.70525329
60.70525329
71.19729019
74.68298728
86.46265041
73.42772162
85.74510564
60.70525329
60.70525329
60.70525329
60.70525329
60.70525329
60.70525329
60.70525329
105.45253672
60.70525329
79.71462494
66.94555854
60.70525329
68.42664147
60.70525329
60.70525329
60.70525329
94.55630319
69.43906104
60.70525329
Case #7:
59.55179551
50.29761186
62.31021623
60.59794731
95.42594035
51.36270581
56.86047174
52.64187277
71.34481096
72.46842042
47.44789769
52.70480333
58.78050354
50.23819876
47.15640867
47.89514824
46.90486995
51.32786076
48.24952702
50.43328174
51.08874777
52.60021567
49.89263866
67.94546377
47.36436939
47.54218228
80.54414614
51.52170612
47.85484076
49.67212050
51.75794202
48.14305146
52.98385162
53.02772469
49.09015254
49.31650147
49.44588756
50.41806913
54.11365895
48.60369659
56.38005668
60.28755884
48.05924027
79.25946815
61.70736420
56.48078710
71.71352045
82.45239390
50.90655522
53.45777222
49.20229744
47.73558304
48.12198592
52.66279002
54.66463817
65.26821519
55.28541846
58.43821572
72.08800613
64.85204804
56.96694960
88.75532624
57.90760343
71.52845299
47.11221171
87.04504406
51.41530355
49.36793636
56.41350298
95.86670916
61.41852978
51.68440578
47.04222445
55.31478656
47.33680057
50.68153446
47.31849648
64.71508475
64.44374148
57.00273046
73.64684598
48.34702578
50.34252623
50.32752075
54.52995350
49.65858720
55.76824674
60.54554074
53.81528165
52.76827458
50.17931852
49.51159191
54.88493349
48.61510948
48.89567954
47.60912806
59.98659234
68.58647290
49.29094162
47.41062070
52.72589996
67.16891868
51.19020985
57.07473039
50.84149514
47.83479207
46.97311662
72.66089996
59.83949505
52.23560521
61.47565421
49.79522786
48.02811835
50.44852933
53.04975793
50.98876691
53.52795607
48.83615010
52.39540702
57.86803031
51.43292491
47.00756176
51.15622233
48.27105496
55.02572200
62.24835168
48.88372716
94.99119576
91.71464589
49.47208727
52.35512569
53.96304491
59.27240865
49.02871696
53.50448985
52.55879326
55.40352232
52.81089298
50.72912508
49.72654257
47.29115221
60.38995073
68.42452115
61.70736420
54.03798987
48.01778119
46.81240440
50.03439760
57.51943056
62.18684716
49.99154318
57.40616220
51.05525803
67.78800014
48.23879241
48.08008077
54.31907335
49.57798620
60.49340736
51.55753689
86.71470114
90.19859691
67.32209771
69.92487172
74.46516939
53.98794682
69.41384266
59.74264621
48.19604841
49.48522805
46.79576031
47.24587408
57.44375964
51.29319008
67.47632952
53.00575602
63.26359346
61.19315649
59.22662438
56.65132138
51.83225097
87.71721654
47.43855528
70.62413783
47.47601819
49.32932066
49.45897381
54.82929426
90.94714582
53.79092530
47.10341458
54.08835475
52.11802817
53.67028036
71.90003187
50.02008133
49.63160654
63.13643033
51.64792327
48.55826030
49.01650294
56.44707950
54.29310254
76.86436725
57.29430872
51.38019419
68.26371124
48.00746233
47.17418675
56.05257507
96.31364263
50.80919807
65.40872820
47.59951593
66.12516499
85.74579139
49.55134492
94.13923958
49.90667554
97.22658856
47.40133992
48.10099584
47.80484921
50.26783820
55.55355820
53.29647832
47.79490276
54.50328629
56.61694544
85.11760863
81.34560017
53.16090407
48.28184842
Case #8:
67.03901343
95.19345468
72.64277519
64.80506707
71.43131691
65.62169053
75.54800850
111.66019882
64.36542282
80.90032570
74.70918579
66.42408163
79.79204627
67.61282275
115.84366934
65.44075100
68.51887823
66.05029472
72.04422699
69.40041046
72.18320554
64.58154187
82.70683305
69.25984829
73.66932438
64.28495534
65.47655764
74.78260026
73.47416038
75.83018549
91.49519894
119.06856252
67.11400832
68.50076200
71.98922968
99.66010031
66.87667601
78.83438454
68.81456031
65.10403993
72.76135813
81.42810768
65.00288199
68.00992041
64.76190019
65.36969800
70.05366416
73.09550382
70.95527359
65.76995585
68.89024089
124.18110713
77.51153188
79.73344644
65.48853510
78.94296045
76.03659843
77.80300368
65.46460118
69.50232204
67.08391854
65.88327905
69.96641447
65.33444842
79.27507163
78.46241855
65.99847883
75.62783853
85.05597286
67.66133747
70.57374992
64.27496732
68.75826977
67.37484056
105.48225599
65.92146792
69.88007048
90.84858166
68.77698889
64.81590309
68.48268760
66.45154925
66.76084155
72.97260421
126.41878457
76.90577281
68.18166920
64.22525914
72.52569967
73.86855909
68.70237673
88.58984544
64.26499482
68.98586468
65.90871501
75.66798905
64.94733922
76.54941865
72.94213060
72.07185208
74.49215894
76.46218103
69.52285810
66.92059356
69.10214404
68.30420888
66.14190356
73.28293033
68.53703644
77.41608834
67.25095172
67.06891967
70.52723365
66.47912286
104.82091871
65.17233802
69.77339048
66.53459077
90.42504284
66.81852803
69.38018040
68.28658411
68.09531559
65.20674930
64.32506335
64.45716477
71.58717808
71.17753350
99.94282456
71.22770509
73.03385188
107.19196634
64.38569768
121.03677127
64.42643930
67.59672033
76.16245502
74.63631179
66.56248646
106.15627088
97.74601070
69.23996574
64.65520669
67.45333067
74.89375008
109.35767939
89.39157984
112.05827566
120.53558166
98.01271246
66.31525752
69.36000060
70.27585651
68.94747749
64.29495891
77.18111054
71.50890368
100.51556750
96.95878169
73.31453443
71.45710339
71.61342412
83.19382548
101.39344939
87.04903493
99.10177602
71.66615033
66.32876985
71.27816640
69.62631901
67.69385473
67.90868656
67.15937463
82.22829384
78.67345750
104.49488085
69.79461664
80.27177885
105.81765352
66.93529166
67.00922851
75.15801892
66.11560756
76.28985587
74.31489286
92.15582267
92.37923105
64.96950072
102.60055678
67.94228249
77.04255412
77.36868084
71.37996945
67.99295482
66.46532277
122.57870313
66.08940950
66.89128583
78.15317301
64.15630978
70.66755087
79.10780296
73.60382430
116.73822833
66.20807606
65.25290633
93.75467988
75.70829796
78.51480597
67.23560996
79.38796154
93.28939324
86.12590137
70.88243621
68.61009239
67.64513120
77.27448674
69.46140431
122.05819673
71.85319173
78.35837680
65.14949466
70.76239213
66.49294963
67.72651245
64.35530924
81.49573083
82.07061720
69.02443717
65.27610385
82.38688279
71.90735953
67.71016597
66.39671931
66.15508848
66.43780224
66.01139690
Case #9:
57.88277451
43.00387579
38.78489682
36.82411900
40.53637197
40.56868474
47.10838567
65.70913465
36.82411900
36.82411900
72.01088695
42.07173487
48.87455598
51.17720781
36.82411900
36.82411900
49.45024787
36.82411900
36.82411900
36.82411900
36.82411900
41.23161564
51.37316465
42.58616820
48.81808623
36.82411900
37.62365074
38.86998262
52.73971074
36.82411900
39.48168722
42.92701447
36.82411900
42.32660708
63.86522370
50.29150320
37.29260710
86.78894612
42.14408528
91.96970278
36.82411900
84.07139823
44.59036418
37.59787228
62.28505897
52.31834811
46.51205295
36.82411900
69.44129505
45.07054837
36.82411900
45.93780805
36.82411900
36.82411900
62.05221682
64.37615363
36.82411900
68.48782241
36.82411900
36.82411900
38.70036734
52.81093253
52.81093253
36.82411900
36.82411900
95.56205416
36.82411900
36.82411900
36.82411900
36.82411900
44.71979948
46.17448045
47.62324670
64.89954561
36.82411900
40.82999942
56.78710241
36.82411900
46.85713915
37.21744557
36.82411900
38.28585663
36.82411900
90.49809259
36.82411900
36.82411900
36.82411900
37.67536712
58.26233775
70.43573175
45.15953276
39.01304524
47.26108748
36.82411900
49.98614820
37.88438602
39.36294503
94.31824338
45.29400313
40.09195039
47.94038614
68.95961551
41.26562110
45.11497475
53.02634171
42.36339683
45.89090880
37.09317997
36.82411900
48.64984419
36.82411900
68.33269690
39.54146270
40.76419761
63.61427883
36.82411900
41.99975580
36.82411900
99.13569344
67.72257132
44.98208794
39.54146270
87.42946363
36.82411900
43.63400279
43.27617805
64.24727232
51.24227739
59.24490850
54.14437770
36.82411900
38.53295329
62.52054208
50.10762140
53.91511325
36.82411900
47.94038614
68.02558210
38.95563087
45.61249829
37.57214674
65.16607464
41.16385616
89.09493640
36.82411900
49.56784672
46.90706686
36.82411900
59.14440816
83.78495311
58.35840103
37.75334313
66.83727088
36.82411900
63.73938077
36.82411900
97.29968837
43.67431134
42.85056381
36.82411900
44.76319570
36.82411900
55.50118998
36.82411900
36.82411900
40.63354279
39.04184779
36.82411900
65.57209772
36.82411900
36.82411900
38.92701858
36.82411900
73.69667564
36.82411900
50.16869104
41.33388521
63.36626900
39.42218200
53.02634171
40.18595275
36.82411900
49.10241062
74.88861294
50.22998452
41.68036139
80.30909039
98.66696413
40.34410351
39.07071423
40.99590827
44.80671851
53.53939360
42.43726506
36.82411900
55.75138444
49.50894254
49.74582879
101.58385699
36.82411900
36.82411900
41.92814491
59.75520999
97.74911196
36.82411900
36.82411900
36.82411939
36.82411900
44.80671851
41.75070804
38.47762957
36.82411900
40.37595831
39.96763396
81.33217738
64.37615363
55.75138444
36.82411900
36.82411900
39.27458814
93.91430901
71.12292590
38.04345342
43.95963419
81.85860473
39.84446685
70.94924328
50.72855738
46.41484897
57.32708700
59.75520999
37.16758963
59.85886178
38.12374219
49.04514832
82.94287191
43.91853120
79.56661753
43.39447306
54.69091014
76.57171327
51.70482184
36.82411900
83.78495311
36.82411900
36.82411900
Case #10:
100051.19171053
100066.23749716
100099.97014369
100061.51924558
100132.22831115
100087.51564362
100139.37663488
100066.08734895
100053.94321814
100059.45360096
100047.45784713
100047.68187115
100082.44450325
100061.21947573
100079.82010092
100078.41045640
100126.11703953
100080.75764204
100057.18993410
100109.08144877
100051.72284462
100045.30505156
100080.08464082
100057.43426443
100050.74434263
100046.17669396
100112.22948453
100135.31712672
100091.59773921
100075.24350308
100085.99586007
100073.84920448
100046.59219784
100137.98372766
100044.85198658
100069.91097271
100073.02865612
100056.99669135
100052.45733435
100050.34159052
100072.43083668
100072.23479358
100063.81548074
100047.79507431
100044.71170086
100044.52667556
100081.87055531
100070.17807453
100072.92799400
100060.92403162
100136.63119616
100064.78029155
100081.30840105
100111.86621223
100071.65605360
100045.54906431
100054.48117619
100048.61063394
100079.42814868
100057.88203584
100055.92220376
100054.56537051
100066.92601811
100061.64038847
100057.43426443
100090.81310311
100050.24238613
100047.10042010
100067.71672874
100046.93814374
100050.88074808
100068.70350773
100061.70122802
100107.12395694
100051.01825505
100111.50643855
100054.31394591
100059.23666715
100047.40233069
100045.01732653
100076.37131604
100047.18218925
100049.59562366
100056.66316261
100057.14143985
100106.49446790
100053.30241192
100045.45098903
100045.20853384
100053.10677904
100073.53827713
100089.67298166
100053.70022715
100053.02912455
100064.99277154
100079.04189993
100084.08716167
100047.96639457
100049.91587535
100049.94824143
100049.28143362
100120.78055667
100054.18952518
100062.57228510
100052.04953963
100081.44785608
100048.40285225
100057.83176752
100103.50514848
100059.12908395
100088.04038595
100061.16004420
100104.37544191
100126.63794912
100090.81310311
100074.59027431
100054.43922438
100069.21330389
100065.86402316
100114.87531675
100055.74144579
100046.77752608
100065.79008131
100045.67255188
100068.20478097
100060.17539159
100074.16409834
100048.94260065
100062.89240592
100055.78647151
100047.34700780
100080.89428457
100045.59833956
100066.38867027
100048.64053509
100122.16855876
100045.28086444
100082.29988808
100086.66149822
100062.31966723
100112.96675463
100050.11101771
100062.82798997
100088.57465957
100087.34279884
100045.23260569
100048.76069157
100044.64204763
100051.79491383
100044.57271744
100073.64148401
100053.14573395
100073.12973505
100125.60249547
100069.38576702
100044.34391821
100096.54021162
100078.28596946
100080.35182173
100107.76472059
100092.40302427
100047.88050554
100101.55609680
100049.50073893
100099.20447786
100055.07883521
100046.35711024
100121.23796306
100055.87685005
100056.05892796
100052.08622095
100124.09578848
100052.87482822
100048.08163252
100087.00015252
100068.12270802
100067.31790128
100075.02386214
100051.33175087
100045.67255188
100063.21747456
100089.86002865
100049.40639451
100083.78120726
100058.80980585
100063.41494408
100097.00870449
100093.86476549
100048.16860581
100044.41218938
100099.71295933
100057.38514873
100047.62556910
100119.88103820
100057.33615838
100049.09575029
100096.77360934
100047.68187115
100056.52199691
100070.44825239
100051.90358253
100064.92171346
100052.53250974
100061.94639424
100084.55242829
100046.27953155
100059.23666715
100057.68174201
100056.10472523
100130.47417660
100046.67135527
100048.22684979
100056.90079910
100081.44785608
100049.06500582
100055.16582478
100049.46923101
100059.83901910
100049.69105388
100094.29528383
100047.12762943
100045.47544871
100045.94778264
100072.72790882
100045.72222764
100053.57995204
100073.23123370
100051.61530047
100044.94624397
100061.57972795
100045.77206513
100123.12088097
100095.62319366
100111.15010769
100065.06406273
100064.15510371
100062.69974774
100045.37784507
100064.08674670
100071.75154740
100079.29877224
100045.35354177
100049.72298608
100056.19665627
100076.83681769
100052.64587893
100061.82344774
100059.61786911
100092.81369602
100056.94868489
Case #11:
64.23435000
64.23435000
64.23435000
64.23435000
64.23435000
64.23435000
77.64977492
64.23435000
64.23435000
64.23435000
64.23435000
64.23435000
113.72546292
64.23435000
64.23435000
95.44141929
68.89048671
87.36085461
64.23435000
64.23435000
64.23435000
64.23435000
64.23435000
64.23435000
120.33734634
64.23435000
64.23435000
64.23435000
64.23435000
64.23435000
73.22338805
64.23435000
64.23435000
64.23435000
71.43718279
64.23435000
130.16474177
64.23435000
97.28969584
129.51875892
64.23435000
72.87826411
64.23435000
64.23435000
64.23435000
64.23435000
93.69463132
64.36232250
74.53211432
64.23435000
64.23435000
64.23435000
64.23435000
64.23435000
64.23435000
86.39337346
64.23435000
65.74312255
64.23435000
64.23435000
64.23435000
66.25210917
64.23435000
64.23435000
64.23435000
64.23435000
64.23435000
64.23435000
64.23435000
64.23435000
64.23435000
64.23435000
64.23435000
64.23435000
64.23435000
115.05046447
64.23435000
84.73002990
64.23435000
64.23435000
64.23435000
64.23435000
120.85492871
67.03825267
92.27133900
64.23435000
64.23435000
106.27906661
64.23435000
64.23435000
75.65671939
64.23435000
64.23435000
66.68541731
64.23435000
64.23435000
64.23435000
114.60366486
64.23435000
77.10293871
112.86714527
64.23435000
64.23435000
64.23435000
64.23435000
64.23435000
64.23435000
64.23435000
64.23435000
64.23435000
67.57816678
74.90139213
89.18741148
64.23435000
64.23435000
104.21519895
98.39529605
64.23435000
103.22735487
64.23435000
64.23435000
73.10780252
94.43142876
64.23435000
64.23435000
64.23435000
64.23435000
64.23435000
70.18012539
64.59967668
64.23435000
64.23435000
64.23435000
65.57604955
66.94951901
64.23435000
64.23435000
108.47061814
64.23435000
64.23435000
65.08237088
64.23435000
64.23435000
76.43536824
64.23435000
90.91099909
64.52026709
70.28235432
64.23435000
64.23435000
64.23435000
97.56259875
64.23435000
64.23435000
64.23435000
79.95956525
64.23435000
79.51077088
64.23435000
64.23435000
64.23435000
124.67521108
64.23435000
64.23435000
64.23435000
65.32781124
64.23435000
64.23435000
64.23435000
64.23435000
65.00117014
64.23435000
83.15920311
118.33158343
64.23435000
64.23435000
74.04813444
64.23435000
64.23435000
68.22486254
110.00928532
64.23435000
79.65952830
64.23435000
64.23435000
64.23435000
64.23435000
64.23435000
119.82635742
64.23435000
106.99475865
64.23435000
64.23435000
81.67262285
64.23435000
92.97481555
64.23435000
117.36559516
64.23435000
64.23435000
64.23435000
64.23435000
66.86113676
70.69578350
64.23435000
64.23435000
64.23435000
68.13133972
64.23435000
84.37327029
100.12672444
89.18741148
64.23435000
64.23435000
86.01528248
64.23435000
75.15064870
65.65942663
64.23435000
64.23435000
64.23435000
64.23435000
64.23435000
64.23435000
64.23435000
96.22054584
64.23435000
64.23435000
64.23435000
64.23435000
64.23435000
68.31877155
64.23435000
64.23435000
64.23435000
64.23435000
104.88973802
64.23435000
69.67558883
64.23435000
64.23435000
83.50072078
64.23435000
64.23435000
64.23435000
65.41024385
64.23435000
64.23435000
91.13354777
64.23435000
Case #12:
65.62048766
125.84804222
67.08392727
74.46948012
66.31435623
64.86775004
76.42310969
114.11456232
101.09827133
75.54967403
65.44655531
64.41412801
71.38359329
63.97587574
64.83468395
64.90702822
128.17875952
67.79611903
65.53567106
63.98944670
69.24042920
65.70033307
86.86203357
93.98994921
65.93904465
66.78741508
64.52698005
64.11331623
65.75785770
66.70282842
65.60483671
65.29176200
68.85715163
64.61273498
83.35807801
63.96913123
90.21548278
66.24289180
67.41261229
68.57179757
66.04881761
65.00569835
64.61761884
66.46324921
65.74955230
64.57891973
76.04508704
64.12438135
66.69094355
68.88002044
85.76478488
105.81765352
101.39344939
65.02961883
118.11979391
65.63624263
64.27123908
64.69237917
68.44715575
65.17271203
89.59543775
81.91384414
64.23529491
68.55072507
67.77921357
64.80754187
65.52811314
68.97290178
76.29647644
73.21010526
87.23724928
64.75434984
65.84247375
64.20008857
67.66322670
66.84938508
64.52233302
63.97249947
112.86737119
64.91270083
69.68730474
76.93602222
72.44118561
65.10930605
65.26473866
67.25106948
66.63226642
64.87889523
69.40032766
65.47587750
67.22257332
65.43928580
94.70652845
64.46292653
67.11115870
64.59333886
100.51556750
88.78825519
66.65559287
69.11655186
93.28939324
79.37904168
64.02388109
65.99333225
64.50845200
82.54639288
64.44058043
64.03786428
64.53631857
65.02361425
66.88721075
68.67898799
65.31911961
66.00249819
68.92618014
65.88590245
66.71476142
66.09599090
67.55118842
64.44948816
68.06037802
64.88448859
65.24468841
65.51306778
67.23678906
65.56615693
66.18313776
65.97510753
65.49812035
87.42668979
94.70652845
67.30885500
64.73867101
65.58928874
64.87331323
126.41878457
64.76487483
64.34123621
89.59543775
68.99647870
103.53472376
106.49815991
65.50558052
64.77545501
64.20396166
67.15246678
68.32664662
64.54570157
63.93584634
66.81204532
64.25917199
67.45814213
71.90655701
92.37923105
64.08777906
74.94381282
65.12183522
69.59125052
65.04773986
65.96604293
64.89010041
64.65214120
64.35388578
65.17915408
64.05196949
64.50384871
64.43614703
74.46948012
67.07040443
78.40160195
65.49068081
70.07553785
68.22922847
64.39238016
64.72828666
64.74911154
107.89951175
65.37486562
66.95135186
81.29561762
64.55041086
77.06587214
65.21823737
64.12808738
66.43064964
68.38639784
65.55849962
64.06619805
67.11115870
68.42678719
66.96434828
70.57007848
70.77084725
66.10552995
123.64001041
63.86500756
65.68414832
126.99736326
64.30383047
65.25135003
120.04056691
132.58913983
65.20513229
63.92926931
85.23152717
65.18562174
65.77454778
64.37088852
64.32451447
66.03018878
77.85902379
64.53164496
96.19027197
67.71243875
63.86186157
74.23566642
68.72274334
63.98264434
63.90647672
104.17186654
66.49623989
64.67719124
65.24468841
63.90971355
65.23142315
69.06807579
64.20784926
64.37945669
64.80215667
64.70257067
Case #13:
84.51542547
66.74086480
66.74086480
66.74086480
66.74086480
66.74086480
114.33239010
66.74086480
117.04114720
66.74086480
92.45003270
66.74086480
87.87495503
86.71099695
66.74086480
77.38232325
97.59000729
66.74086480
74.32941462
115.47005384
66.74086480
66.74086480
66.74086480
66.74086480
66.74086480
83.91813583
81.37884588
68.51887098
66.74086480
101.01525446
66.74086480
100.25094142
66.74086480
84.97185773
66.74086480
66.74086480
66.74086480
81.92319205
70.01400420
99.25833340
66.74086480
82.90266723
66.74086480
78.32604500
91.66984970
66.74086480
138.67504906
69.17144639
66.74086480
75.80980436
96.90031662
66.74086480
66.74086480
66.74086480
66.74086480
76.24928517
86.06629658
109.43513103
80.97763302
134.23121104
73.62101738
66.74086480
66.74086480
66.74086480
66.74086480
89.08708064
66.74086480
66.74086480
66.74086480
66.74086480
66.74086480
96.00307215
71.24704999
66.74086480
66.74086480
66.74086480
85.59209850
70.97734410
79.18075825
66.74086480
136.71718540
98.53292782
66.74086480
75.05866250
105.11766625
66.74086480
69.42101345
66.74086480
125.00000000
66.74086480
66.74086480
66.74086480
66.74086480
66.74086480
66.74086480
66.74086480
68.84283908
66.74086480
110.43152607
75.48513561
71.61148740
66.74086480
66.74086480
66.74086480
66.74086480
141.42135624
66.74086480
77.03712158
66.74086480
66.74086480
66.74086480
66.74086480
66.74086480
66.74086480
66.74086480
66.74086480
66.74086480
66.74086480
66.74086480
69.75801064
118.67816582
66.74086480
66.74086480
66.74086480
66.74086480
73.32355751
132.45323571
66.74086480
66.74086480
66.74086480
66.74086480
90.90909091
95.34625892
66.74086480
66.74086480
66.74086480
68.27887420
66.74086480
103.97504898
121.71612389
66.74086480
72.54762501
66.74086480
70.35975447
66.74086480
66.74086480
66.74086480
66.74086480
83.33333333
76.58395811
66.74086480
67.19131407
66.74086480
66.74086480
80.45179867
78.68894754
66.89000621
66.74086480
66.74086480
66.74086480
80.06407690
66.74086480
94.49111825
66.74086480
66.74086480
66.74086480
66.74086480
66.74086480
66.74086480
93.04842104
74.02332102
66.74086480
82.33869696
66.74086480
66.74086480
130.18891098
66.74086480
66.74086480
66.74086480
66.74086480
66.74086480
71.88851547
74.74350928
105.99978800
66.74086480
90.35079029
102.06207262
66.74086480
119.95202878
66.74086480
66.74086480
107.21125348
66.74086480
66.74086480
70.62245515
66.74086480
66.74086480
66.74086480
66.74086480
66.74086480
66.74086480
66.74086480
66.74086480
67.41998625
77.84989442
103.14212463
123.09149098
66.74086480
66.74086480
66.74086480
89.62214299
66.74086480
93.86465089
87.20414404
66.74086480
66.74086480
66.74086480
66.74086480
67.96276660
67.72854615
66.74086480
66.74086480
66.74086480
72.26293735
66.74086480
66.74086480
66.74086480
66.74086480
66.74086480
66.74086480
88.38834765
126.49110641
66.74086480
111.80339887
108.14761409
72.93249575
66.74086480
66.74086480
66.74086480
66.74086480
128.56486931
112.86652960
66.74086480
66.74086480
66.74086480
66.74086480
66.74086480
66.74086480
66.74086480
79.55572842
Case #14:
8.16600144
8.02834235
10.68608971
16.23667545
19.02451585
8.04749234
8.05720292
8.01059616
8.09705329
8.07394555
8.07587538
14.06137341
18.71003938
13.62670013
8.00617670
9.87455565
8.04923005
11.93147099
10.57360143
8.06730313
13.74676149
16.44091839
15.57751877
11.69976989
11.11006418
10.15674260
12.39459153
8.00837606
13.28455264
8.15933993
8.12121738
10.95291250
8.10559085
10.98380935
15.31859460
10.62939918
8.04235106
8.05185955
8.10128788
8.02358470
13.39572238
18.55853860
10.86176323
9.76372660
17.10323209
20.66591396
15.94409877
18.86531208
8.07781975
11.41084208
8.11329127
19.88578498
8.03319536
12.62371613
13.50973059
14.54048633
13.56783722
8.18813324
11.17484644
10.03625503
11.24077531
8.11553236
8.10343070
11.73745040
8.08274554
12.30637268
12.22001110
11.81391669
8.11106859
9.69899400
8.03156690
13.80799458
8.07298604
12.17750659
11.34189377
8.29294561
12.43941841
8.41581075
20.46230394
19.52745320
8.08878220
8.15802602
15.75761167
14.83726154
14.76136712
8.02124067
8.00399776
10.38501251
8.25317106
17.34244975
11.85271455
8.38803573
10.46459231
18.12520557
8.08175288
8.00544813
11.20766544
15.85003247
8.01738421
8.13056663
13.22999573
8.14899477
11.58886909
13.01830213
10.08393347
8.08474229
8.00764065
8.09810563
8.12468614
14.32923316
8.03648527
8.00183891
14.19340798
8.03814697
16.54597325
12.76744429
8.07977886
8.07107769
9.80760874
10.43786279
16.13736763
9.98924655
8.30633213
8.01891933
8.03898206
8.06543658
8.06918345
8.48647371
8.06174407
9.13312994
8.04405299
8.13295439
12.09381139
10.28167648
10.35888665
8.05362805
14.46903387
8.22697045
8.00255631
11.62548488
17.85263056
8.44386353
8.10235714
8.24003951
20.07251007
8.01134086
8.20101780
8.01509990
8.04662802
8.13536291
10.23115197
8.09496109
10.20616743
8.15154591
8.11779213
8.27962360
8.02516018
8.12236875
10.89189301
10.60139018
9.74200527
8.13779250
17.46588512
12.81645577
8.10886408
11.27418036
12.71899081
9.89717780
10.83188212
10.74369708
8.08675445
8.02280081
8.09288531
13.93295635
8.03401369
8.14772778
12.53055090
8.01585890
10.77285235
8.05900959
16.65306805
8.09600512
19.18781941
10.51867326
8.12007084
8.01662033
8.06358361
12.67108484
11.51666360
12.96694769
18.41065944
10.10802893
8.01358912
8.00985381
14.12692796
9.67770090
8.05097997
8.12702327
12.91619623
11.07809270
11.97144253
8.09082575
11.37621122
15.15298331
10.54603006
8.10022289
20.26459588
15.48975740
10.13229794
12.05260578
8.02046439
8.14147706
8.04576670
16.87364809
8.01208791
8.15671814
8.00041070
8.10667750
9.82977286
8.11892910
13.12286849
14.99262977
8.12938044
8.14646647
10.92227492
8.16198600
17.72087503
8.45799553
8.14024346
8.14396067
8.08374201
10.33295698
8.16465672
9.94289249
8.14271611
11.01496915
8.33330081
14.68662554
8.05991780
8.15412025
8.04066080
8.03565863
8.36053389
8.02994926
8.08574643
8.02674602
11.48106331
Case #15:
56.54592864
60.27487746
44.74373700
44.74373700
44.74373700
64.34894521
44.74373700
47.04797872
96.90031662
44.74373700
84.89527199
50.73462894
80.84520834
75.48513561
44.74373700
91.86304243
51.63977795
44.85034787
50.39526307
57.23638070
44.74373700
55.42739954
62.80742930
44.74373700
44.74373700
60.52275326
44.74373700
82.90266722
57.59122837
85.12565307
44.74373700
44.74373700
63.37242505
44.74373700
53.09318732
44.74373700
65.47706044
46.33796017
80.06407690
44.74373700
44.74373700
54.86147820
44.74373700
48.32271357
44.74373700
54.25256392
44.74373700
86.06629658
63.75767130
44.74373700
82.68982306
54.43310539
49.82900618
44.74373700
79.68190728
106.75210253
70.14306238
70.40333438
44.74373700
90.72184232
48.97021068
44.74373700
68.04138174
53.77976567
50.20437123
58.47053462
44.74373700
87.53762190
45.08626838
87.79025626
44.74373700
73.02967433
80.64778385
44.74373700
55.55555555
44.74373700
44.74373700
61.72133998
67.57373784
44.74373700
44.74373700
44.74373700
44.74373700
68.63982230
52.59516830
53.37605127
55.11084984
77.84989441
44.74373700
44.74373700
44.74373700
78.02743146
104.97277621
44.74373700
63.27719971
44.74373700
83.33333333
66.55583256
96.22504486
95.56369651
82.47860988
62.16698721
81.04408984
73.47183583
44.74373700
65.06000486
83.11716349
100.88665446
44.74373700
57.51973085
88.30215713
114.89699792
68.88365903
44.74373700
44.74373700
89.89331499
46.20707799
61.63335513
44.74373700
44.74373700
44.74373700
44.74373700
48.11252243
44.74373700
44.74373700
44.74373700
44.74373700
88.82311833
47.91003832
62.90054637
87.03882797
50.63696835
60.77371254
46.10978832
44.74373700
44.74373700
44.74373700
50.25189076
70.93269021
44.74373700
44.74373700
44.74373700
67.22926454
44.74373700
44.74373700
47.79916133
78.38618016
52.81477330
44.74373700
44.74373700
108.14761408
44.74373700
114.33239009
55.36365323
75.00586006
59.00244127
44.74373700
44.74373700
115.47005383
77.49842583
66.89000621
44.74373700
44.74373700
54.79966243
46.63742726
62.62242911
57.09626695
44.74373700
82.06099398
48.15434123
44.74373700
44.74373700
44.74373700
54.98573992
48.83862905
44.74373700
44.74373700
50.53986957
44.74373700
44.74373700
58.32118435
44.74373700
45.88561979
51.58821550
51.13099925
70.79923254
86.30637040
56.14346140
113.22770341
53.20579230
54.92350364
44.74373700
44.74373700
54.01461293
87.28715609
83.77078165
110.60025272
54.37272478
45.75927362
74.69136869
92.74777915
52.43225051
44.74373700
44.74373700
54.13319619
50.49152918
66.33581268
45.79073509
91.57370929
44.74373700
49.50737715
74.84811885
44.74373700
44.74373700
71.61148740
44.74373700
Case #16:
20.59364463
20.64234527
31.38445677
20.57676555
40.23431371
20.56329265
20.55708909
42.72139566
28.38830928
35.58662900
25.97113783
20.59019193
20.57156002
37.27289440
33.58950052
42.93236680
20.65891806
25.87754784
20.55586535
33.09185078
28.95803114
20.54566154
33.89908772
40.76960528
36.33590335
29.91671131
20.62965348
26.50468097
20.62810317
31.05752643
20.59643354
20.56581227
20.55161892
20.61894264
20.64477749
20.65553671
26.91404389
31.21970783
34.65609847
34.00420142
40.06051457
20.58206496
20.61744192
20.66233306
20.65135940
20.56455045
34.21739600
42.10666727
25.69336366
20.57808305
20.55222107
37.98837031
38.74669601
29.63313418
30.74060461
26.70700971
20.55403693
20.58950718
20.65637972
27.28823922
41.32684668
34.99642839
20.66062009
20.63832718
20.63435596
20.59783876
33.79494281
20.55647674
20.63278285
27.12596877
32.24920423
20.64073108
20.55041742
35.34698567
20.60712465
28.20574591
20.54156497
36.59637911
20.63912607
29.70327188
32.15949834
30.89784658
20.54684315
35.11211938
20.60857783
20.60066447
28.63733431
27.39805150
20.66405240
20.65807039
20.64723200
20.54862243
25.60273423
27.79310043
27.01938302
20.61224104
20.57027447
31.98230967
25.73904079
20.64887614
26.16140512
20.55770241
38.43795248
29.84505441
39.71956782
20.54981807
30.20858857
20.60930628
20.62733007
21.18104813
20.60567642
34.76843620
20.54272889
20.60423682
20.62045038
30.13481902
20.58006737
20.54040460
27.23382593
20.64970046
20.59295131
26.55483178
36.46544352
29.42566511
20.55955522
32.89889374
30.06158727
33.38775996
26.11344650
20.62272827
43.14649464
20.61520059
20.62501890
20.58139641
25.38029097
20.58745974
20.63121532
20.63673369
20.61297875
20.55342936
30.50917895
20.57285428
20.54921966
26.30688208
20.59156814
20.56392105
20.61076942
20.56141764
31.80801786
20.56963325
20.62120835
20.57220620
20.61594641
42.30861887
27.90914728
20.66491447
20.60137652
20.59995548
28.08597575
28.51200620
27.62171277
20.63593908
20.64396528
20.57545710
26.40522590
40.41039470
20.58610043
31.55184173
37.55420325
20.59854315
20.58542424
40.95284038
20.58407721
29.56349100
20.54389639
20.64559382
20.56079585
32.07053690
26.65599341
20.59503475
25.83113067
20.64805332
20.57415358
38.13647368
41.71129075
32.43089132
32.52289403
26.86183425
31.89480661
27.73561722
37.69726740
35.95541220
31.72193375
20.57940485
26.25812044
34.43465149
29.08936075
29.15569918
20.58273461
39.22408604
25.46857051
28.26620846
20.55464544
32.70927318
33.28824331
27.96771849
38.90388406
20.54743532
20.56707862
20.65469686
20.61371774
30.58573911
20.56204041
28.82846436
20.56017504
36.99781393
20.62655832
36.72873534
20.54448358
26.80992728
20.56266525
36.20773398
20.65219147
38.59139801
20.58475017
20.60280425
26.01831523
20.57091673
20.65386020
39.55232679
20.66577961
28.76432976
27.50920023
20.57874341
20.56835389
25.51305713
30.35776769
27.17973685
20.66751849
20.55893637
29.28974908
20.58814109
20.62349023
35.83121352
20.54802842
Case #17:
49.33277733
49.33260372
49.33280526
49.33304056
93.17658999
49.33259909
51.05456032
65.63384437
63.94755551
51.35191030
49.33344816
70.35760785
49.33313322
49.33328480
64.18051641
49.33279400
49.33282622
57.70037550
49.33260217
49.33264965
49.33258989
49.33341565
49.33262089
69.74843961
49.33351928
49.33385428
49.33353681
96.18305635
49.33267261
49.33285352
72.79284389
54.14372408
49.33289994
49.33331994
49.33371416
57.61545953
49.33262405
54.57061944
49.33287345
49.33258229
94.64402814
58.57071688
49.33317985
49.33388135
49.33266271
49.33288763
49.33325910
49.33366269
49.33263837
65.01639090
49.33259142
52.92074696
49.33295059
49.85980345
49.33297241
105.71042082
93.53704237
49.33312563
49.33266930
49.33320119
49.33278101
49.33330224
54.07354424
49.33276455
49.33286744
89.15266223
49.33268765
50.93705830
49.33270462
49.33335001
49.33257776
49.33267427
78.96582938
49.33357623
49.33332888
74.38123841
49.33299467
49.33273415
52.59547807
49.33348832
49.33282430
49.33264803
49.33294198
52.72486444
49.33338084
57.36294351
49.33288967
49.33274834
49.33279587
49.33284761
49.33276093
49.33383212
49.33300143
49.33322292
82.45641419
49.33292497
49.33359455
49.33355458
49.33335306
49.33318515
49.33258532
66.39853632
49.33298126
49.33380598
49.33334091
49.33263997
53.86463086
49.33287345
49.33378882
65.38475867
49.64159757
49.33301508
49.33324226
49.33269610
76.27419339
49.33271668
49.33272538
49.37282680
49.33354389
49.33315372
59.66901346
64.06371828
52.27613403
49.33262721
49.33316933
62.17088690
81.48056426
49.33283201
49.33373860
74.56421836
77.48177548
49.33371013
49.33367439
49.33315631
84.25194322
70.82510540
49.33279027
55.76030955
49.33346808
51.53283362
49.33275192
49.33286344
85.60874455
61.23436813
49.33256132
50.19257558
85.33214045
49.33284174
49.33343832
105.19095615
54.35591454
49.33270805
52.78991673
58.13066018
55.00777425
77.27652539
49.33287144
49.33303822
49.80498232
49.33356176
60.33893516
49.33305233
49.33318515
64.89497830
52.40317221
53.05255476
49.33293984
49.33321473
49.33360195
76.27419339
49.33280715
49.33319315
49.33302891
49.33308595
53.25212620
77.27652539
49.33257625
49.33260682
49.85980345
49.33333188
49.33298571
49.33260993
49.33382335
49.33299917
86.74268461
49.33256429
70.98302111
52.46703960
49.33386325
60.24184912
49.33305707
87.92291144
49.33362818
49.33262563
49.33288356
64.53478138
49.33317458
66.26923038
55.15584390
49.33309329
49.33325910
49.33363197
52.53114107
53.31915219
106.23765811
49.33263677
87.32681703
79.18487510
49.33343180
49.33331401
49.33331106
49.33310067
49.33289377
49.96999099
49.33286145
95.02185012
49.33358353
49.33276636
49.33312059
49.33318781
101.29363257
49.33263039
49.33313576
49.33285550
99.93998199
57.44674625
49.33362063
50.36147984
49.33308352
78.10747966
84.51814276
49.33311308
Case #18:
21.29377283
15.87599900
15.87599900
24.25127146
28.34095230
19.30913364
17.69335914
15.87599900
18.38174758
19.67796351
21.60977354
15.87599900
17.33047782
21.02422053
35.42619037
21.19148029
15.87599900
32.88226971
33.66841106
29.82668035
21.05735565
20.73287776
19.87048486
15.87599900
15.87599900
15.95746588
15.87599900
22.81663428
15.87599900
16.58528785
15.87599900
19.54382450
21.46760243
24.72119984
19.36055619
18.91198820
31.13504246
16.76673349
16.68352338
16.97162990
16.08916660
29.09909078
15.87599900
15.87599900
15.87599900
19.00897339
25.39248570
15.87599900
15.87599900
15.87599900
15.87599900
17.97582515
21.97793927
15.87599900
27.05719983
16.04490471
16.66702953
18.69908849
15.87599900
15.87599900
15.94303127
35.58541001
15.87599900
15.87599900
15.87599900
15.87599900
15.87599900
25.33444566
15.87599900
15.87599900
19.65091475
36.24445507
15.87599900
17.91415832
30.21155666
33.53346698
21.86551940
15.87599900
23.52429436
15.87599900
15.87599900
15.87599900
22.60825883
23.11828371
15.87599900
16.13379683
15.87599900
21.50288200
15.87599900
15.87599900
15.87599900
15.87599900
18.27226628
15.87599900
28.83965835
15.87599900
16.70006630
15.87599900
24.61441230
15.87599900
15.87599900
15.87599900
15.87599900
15.87599900
16.05961806
19.49093178
34.22495142
15.87599900
26.57705929
15.87599900
23.85530573
36.41501815
15.87599900
19.98306641
15.87599900
15.87599900
17.75276622
15.87599900
15.87599900
15.87599900
15.87599900
31.02823239
15.87599900
15.87599900
24.15043413
28.92536331
17.14823850
18.74577792
30.81786907
16.95426761
20.54524605
15.87599900
22.94445956
15.87599900
17.09467802
15.87599900
36.58801209
24.77511747
17.73289742
16.30067646
24.35338253
22.48594093
16.78352542
15.87599900
18.62970388
16.50473716
15.87599900
15.87599900
15.87599900
15.87599900
25.87163146
15.87599900
24.20069524
15.87599900
23.29611929
15.87599900
24.88401961
18.14343553
15.87599900
17.13032911
15.87599900
15.87599900
15.87599900
15.87599900
15.87599900
16.93695850
15.87599900
17.63454449
17.34902301
21.22541383
34.08323259
15.87599900
15.87599900
15.87599900
15.87599900
16.36265644
15.87599900
21.79152420
15.87599900
15.87599900
16.56908336
18.25060383
36.76349517
20.42295183
15.87599900
15.87599900
18.93609527
29.27598658
28.67050933
15.87599900
15.87599900
18.35969389
21.36279658
22.28641666
16.16375748
15.87599900
18.18607586
28.42227514
15.87599900
15.87599900
15.87599900
16.73330029
15.87599900
15.87599900
31.68614794
15.87599900
19.25811867
15.87599900
15.87599900
22.44560737
25.68879078
18.98458727
15.87599900
19.57043285
26.05843267
16.74999187
15.87599900
15.87599900
15.87599900
22.52649271
Case #19:
53.59983825
53.34090173
53.55490629
66.98006302
53.55659169
53.65663112
53.32423079
56.23889379
113.09276094
119.56034139
72.68297435
53.77151862
70.30338309
57.43493021
53.29436430
62.02512202
54.11651345
54.82976229
105.90477849
94.57871957
53.29192691
53.95329642
53.64162041
71.90559398
58.23083323
53.35002780
53.75872070
53.37399225
55.05727265
53.94811524
84.13052947
86.47088954
53.75660485
53.25627087
102.78924808
53.48854275
118.97853579
53.81775117
76.21674048
108.43672429
53.71125072
55.63867497
53.49166116
68.03493206
53.66805810
53.53165425
53.37264168
104.31213470
53.36726226
64.82201021
61.06591286
53.48543597
60.07538321
113.59206916
53.35397167
53.42563869
110.69136719
53.56677442
96.36901191
53.51542787
53.98228821
115.13063228
53.53001751
68.47105788
73.35041695
54.04008532
54.02323082
55.22977628
54.08053227
59.41720334
53.96900499
57.63084299
80.14460702
80.50001722
75.91489081
53.73158757
94.87018010
93.72019603
53.73985104
81.04211100
53.25279579
56.48447965
53.38214427
53.81324838
78.27061636
53.43725396
57.37006860
117.83995902
53.89042208
54.15378230
53.63420958
53.66232627
53.58750916
53.65852545
53.29558590
56.60848525
53.63052741
53.39038057
98.59198324
69.48383188
53.82910316
69.94861186
82.15998603
56.79603458
61.94345626
66.47070154
53.43287877
53.25395237
73.62259012
53.91508780
53.31164581
82.54301835
82.35083411
67.18711162
53.54819776
108.00210642
54.38307654
59.13154205
91.54035834
53.39870261
63.37732720
64.26875392
54.08348333
54.01490775
69.83154297
53.27033324
62.60597196
62.43835192
59.70704508
92.88463525
53.47465292
103.92507535
58.71067164
81.22525725
70.66360774
53.32169740
55.93636931
53.28586715
53.84755442
53.93783395
63.29021056
88.53821463
53.82001067
53.71933097
83.52453938
70.42284517
53.45499303
53.36325154
56.42278168
53.31791276
115.65754868
93.43917532
90.25280676
53.41418739
53.77798454
53.42132544
89.75278736
53.40149594
53.60875310
56.11729604
97.30314372
53.50266837
53.63605646
57.30542625
53.52350205
53.48698791
53.56336671
67.50131651
54.09238752
56.85896649
71.65195794
53.41989278
53.93273337
68.25194994
53.95589726
58.02875917
53.97961734
53.28828530
53.39176158
79.79386307
54.00665287
53.74401092
53.76084141
109.77275075
59.85356565
54.54930131
53.92513194
64.45159569
54.77332402
72.81500529
66.27018614
83.12774597
118.40514192
53.42852698
53.89286059
54.09836657
54.12263346
53.31917226
107.57267288
54.03162302
74.59961509
82.93145822
53.68743421
70.54291831
53.40009806
53.79545012
53.78886210
53.92765919
92.07103153
111.15940889
60.22463905
53.40852204
54.13188129
53.69530338
82.73655441
53.41276732
60.00117023
65.58241171
67.60703516
53.44903717
56.73331116
53.42708155
53.47312388
53.88072917
78.93676128
66.77491686
67.71325209
53.44165277
53.83828394
53.98765150
57.82877434
54.03443595
53.46552082
68.91567982
53.70924185
53.27985504
59.20257096
53.78449581
59.34540005
58.36672801
57.17679438
Case #20:
31.11186069
31.10043400
31.12070868
31.10578018
31.13714923
31.08418166
33.30164980
33.37288336
31.14057001
34.18787956
31.09844940
31.11998330
34.30370557
31.07025598
31.12643479
40.76430122
31.09747137
31.96636688
54.20826877
31.07936390
31.07602038
40.82957636
41.43151904
36.19569478
31.08149389
64.50556214
31.11642709
31.09033241
55.80767570
31.35626563
70.38133840
31.10245769
31.09197788
36.10486479
31.10812731
48.29472965
33.02120986
31.10726773
34.26496620
31.12823784
39.22778810
49.29981438
31.06793179
43.17676194
65.29384673
31.07493157
31.07920200
38.60463559
31.11974257
33.23087044
31.14231901
31.10791176
31.93501193
31.11434813
36.99647719
31.08747284
31.09983457
49.53181479
31.13464877
35.57388198
35.70442877
38.27700900
31.13086501
31.71808066
31.15934491
31.10535902
31.15666519
37.29205961
31.08350270
46.45619645
31.14620072
31.14290789
31.13799497
48.62289694
37.64602607
39.82128305
58.30508803
31.13220191
31.08677071
31.07855712
56.83805825
47.76224668
41.50005758
60.30928116
31.12901956
31.07084627
42.42318290
39.28594645
31.12491221
31.10225353
43.33235438
47.86733426
67.54601702
31.07069835
31.10748196
31.14559513
31.08907116
31.08960973
53.02324546
41.70773223
31.13007039
31.09611774
31.08800274
56.31579856
31.11950236
31.09346364
31.11208444
31.08116311
51.77871948
31.06538548
31.10023380
42.27714742
57.55755598
31.08925036
31.11666057
45.25174306
32.12453889
31.13328291
36.01471518
31.11230866
31.15699695
34.90102913
31.07218830
41.29545457
32.71402914
48.40337935
31.11926269
31.08835760
31.07823630
31.09253246
31.09497171
42.64510168
41.16072190
31.09943689
45.79587174
31.12440929
31.15501988
37.04525306
31.13410045
68.76316029
36.85129752
36.80328278
31.09825304
39.64041330
31.50551095
31.08572685
58.49656667
31.08853550
31.14409463
31.08659596
31.13743045
31.10493956
31.07188839
31.06735979
31.07370242
31.06750245
35.10717995
31.06923194
72.11941094
31.07539667
31.15766320
52.18377430
52.59848632
31.06952337
47.55413133
31.14742132
31.06764534
31.12797848
31.14711499
31.11619410
31.09478196
61.39211956
31.08435214
31.11074892
31.12694699
37.59484178
31.10164344
63.01102190
60.73550047
31.11480666
44.38642910
31.08607357
36.37943046
68.14643787
31.08503708
31.13301169
31.07055066
38.38528930
31.09963554
31.08452293
31.38594501
31.12217403
31.13382729
31.12541742
31.14349976
50.49368740
31.09015124
37.85287393
40.25312988
65.02788291
31.15866944
31.15021449
31.11366398
37.54386570
34.38158014
51.51386496
49.41540613
31.07728028
31.16036515
36.15019421
45.88848229
31.09216240
43.97198091
36.05970547
31.65690784
32.15645597
